#
# A fatal error has been detected by the Java Runtime Environment:
#
#  SIGSEGV (0xb) at pc=0x00007f01770abed4, pid=21833, tid=21838
#
# JRE version: OpenJDK Runtime Environment (11.0.4+11) (build 11.0.4+11-post-Ubuntu-1ubuntu218.04.3)
# Java VM: OpenJDK 64-Bit Server VM (11.0.4+11-post-Ubuntu-1ubuntu218.04.3, mixed mode, sharing, tiered, compressed oops, g1 gc, linux-amd64)
# Problematic frame:
# V  [libjvm.so+0x9f3ed4]
#
# Core dump will be written. Default location: Core dumps may be processed with "/usr/share/apport/apport %p %s %c %d %P" (or dumping to /home/admin1/Documents/workspace-spring-tool-suite-4-4.4.0.RELEASE/AirtelServices/core.21833)
#
# If you would like to submit a bug report, please visit:
#   https://bugs.launchpad.net/ubuntu/+source/openjdk-lts
#

---------------  S U M M A R Y ------------

Command Line: -Dfile.encoding=UTF-8 com.bridgelabz.AirtelServices.Airtel

Host: Intel(R) Core(TM) i5-7400 CPU @ 3.00GHz, 4 cores, 7G, Ubuntu 18.04.2 LTS
Time: Tue Oct  1 17:23:25 2019 IST elapsed time: 0 seconds (0d 0h 0m 0s)

---------------  T H R E A D  ---------------

Current thread (0x00007f0170012000):  JavaThread "main" [_thread_in_vm, id=21838, stack(0x00007f017881e000,0x00007f017891f000)]

Stack: [0x00007f017881e000,0x00007f017891f000],  sp=0x00007f017891c830,  free space=1018k
Native frames: (J=compiled Java code, A=aot compiled Java code, j=interpreted, Vv=VM code, C=native code)
V  [libjvm.so+0x9f3ed4]
V  [libjvm.so+0xa2c126]
V  [libjvm.so+0x838186]
V  [libjvm.so+0x83907d]
j  java.io.FileInputStream$1.close()V+7 java.base@11.0.4
j  java.io.FileDescriptor.closeAll(Ljava/io/Closeable;)V+92 java.base@11.0.4
j  java.io.FileInputStream.close()V+65 java.base@11.0.4
j  jdk.internal.loader.Resource.getBytes()[B+181 java.base@11.0.4
j  jdk.internal.loader.BuiltinClassLoader.defineClass(Ljava/lang/String;Ljdk/internal/loader/Resource;)Ljava/lang/Class;+84 java.base@11.0.4
j  jdk.internal.loader.BuiltinClassLoader.findClassOnClassPathOrNull(Ljava/lang/String;)Ljava/lang/Class;+37 java.base@11.0.4
j  jdk.internal.loader.BuiltinClassLoader.loadClassOrNull(Ljava/lang/String;Z)Ljava/lang/Class;+111 java.base@11.0.4
j  jdk.internal.loader.BuiltinClassLoader.loadClass(Ljava/lang/String;Z)Ljava/lang/Class;+3 java.base@11.0.4
j  jdk.internal.loader.ClassLoaders$AppClassLoader.loadClass(Ljava/lang/String;Z)Ljava/lang/Class;+36 java.base@11.0.4
j  java.lang.ClassLoader.loadClass(Ljava/lang/String;)Ljava/lang/Class;+3 java.base@11.0.4
v  ~StubRoutines::call_stub
V  [libjvm.so+0x841c99]
V  [libjvm.so+0x84001d]
V  [libjvm.so+0xd452f6]
V  [libjvm.so+0xd42f3a]
V  [libjvm.so+0xd45b32]
V  [libjvm.so+0x8ec3e0]
V  [libjvm.so+0x8f1874]  JVM_FindClassFromCaller+0x154
C  [libjava.so+0xe088]  Java_java_lang_Class_forName0+0x158
j  java.lang.Class.forName0(Ljava/lang/String;ZLjava/lang/ClassLoader;Ljava/lang/Class;)Ljava/lang/Class;+0 java.base@11.0.4
j  java.lang.Class.forName(Ljava/lang/String;ZLjava/lang/ClassLoader;)Ljava/lang/Class;+43 java.base@11.0.4
j  sun.launcher.LauncherHelper.loadMainClass(ILjava/lang/String;)Ljava/lang/Class;+93 java.base@11.0.4
j  sun.launcher.LauncherHelper.checkAndLoadMain(ZILjava/lang/String;)Ljava/lang/Class;+42 java.base@11.0.4
v  ~StubRoutines::call_stub
V  [libjvm.so+0x841c99]
V  [libjvm.so+0x8b9c7d]
V  [libjvm.so+0x8ba63e]
C  [libjli.so+0x502d]
C  [libjli.so+0x92cd]

Java frames: (J=compiled Java code, j=interpreted, Vv=VM code)
j  java.io.FileInputStream$1.close()V+7 java.base@11.0.4
j  java.io.FileDescriptor.closeAll(Ljava/io/Closeable;)V+92 java.base@11.0.4
j  java.io.FileInputStream.close()V+65 java.base@11.0.4
j  jdk.internal.loader.Resource.getBytes()[B+181 java.base@11.0.4
j  jdk.internal.loader.BuiltinClassLoader.defineClass(Ljava/lang/String;Ljdk/internal/loader/Resource;)Ljava/lang/Class;+84 java.base@11.0.4
j  jdk.internal.loader.BuiltinClassLoader.findClassOnClassPathOrNull(Ljava/lang/String;)Ljava/lang/Class;+37 java.base@11.0.4
j  jdk.internal.loader.BuiltinClassLoader.loadClassOrNull(Ljava/lang/String;Z)Ljava/lang/Class;+111 java.base@11.0.4
j  jdk.internal.loader.BuiltinClassLoader.loadClass(Ljava/lang/String;Z)Ljava/lang/Class;+3 java.base@11.0.4
j  jdk.internal.loader.ClassLoaders$AppClassLoader.loadClass(Ljava/lang/String;Z)Ljava/lang/Class;+36 java.base@11.0.4
j  java.lang.ClassLoader.loadClass(Ljava/lang/String;)Ljava/lang/Class;+3 java.base@11.0.4
v  ~StubRoutines::call_stub
j  java.lang.Class.forName0(Ljava/lang/String;ZLjava/lang/ClassLoader;Ljava/lang/Class;)Ljava/lang/Class;+0 java.base@11.0.4
j  java.lang.Class.forName(Ljava/lang/String;ZLjava/lang/ClassLoader;)Ljava/lang/Class;+43 java.base@11.0.4
j  sun.launcher.LauncherHelper.loadMainClass(ILjava/lang/String;)Ljava/lang/Class;+93 java.base@11.0.4
j  sun.launcher.LauncherHelper.checkAndLoadMain(ZILjava/lang/String;)Ljava/lang/Class;+42 java.base@11.0.4
v  ~StubRoutines::call_stub

siginfo: si_signo: 11 (SIGSEGV), si_code: 1 (SEGV_MAPERR), si_addr: 0x00000007ffb31650

Register to memory mapping:

RAX={method} {0x0000000800331cf0} 'close' '()V' in 'java/io/FileDescriptor'
RBX=0x00007f017891ca50 is pointing into the stack for thread: 0x00007f0170012000
RCX=0x000000080096b940 is pointing into metadata
RDX=0x0 is NULL
RSP=0x00007f017891c830 is pointing into the stack for thread: 0x00007f0170012000
RBP=0x00007f017891c8c0 is pointing into the stack for thread: 0x00007f0170012000
RSI=0xffffffffffeffffe is an unknown value
RDI=0x0000000800331490 is pointing into metadata
R8 =0x0000000800331490 is pointing into metadata
R9 =0x0000000000000001 is an unknown value
R10=0x00007f017891c910 is pointing into the stack for thread: 0x00007f0170012000
R11=0x000000000000003e is an unknown value
R12=0x0000000000000001 is an unknown value
R13=0x00000000ffeffffe is an unallocated location in the heap
R14=0x0 is NULL
R15=0x00007f0170012000 is a thread


Registers:
RAX=0x0000000800331cf0, RBX=0x00007f017891ca50, RCX=0x000000080096b940, RDX=0x0000000000000000
RSP=0x00007f017891c830, RBP=0x00007f017891c8c0, RSI=0xffffffffffeffffe, RDI=0x0000000800331490
R8 =0x0000000800331490, R9 =0x0000000000000001, R10=0x00007f017891c910, R11=0x000000000000003e
R12=0x0000000000000001, R13=0x00000000ffeffffe, R14=0x0000000000000000, R15=0x00007f0170012000
RIP=0x00007f01770abed4, EFLAGS=0x0000000000010287, CSGSFS=0x002b000000000033, ERR=0x0000000000000004
  TRAPNO=0x000000000000000e

Top of Stack: (sp=0x00007f017891c830)
0x00007f017891c830:   00007f017891c8c0 00007f01770dc92b
0x00007f017891c840:   00007f017891c8d0 00007f0176cfeab7
0x00007f017891c850:   00007f0170012bd8 0000000800331490
0x00007f017891c860:   0000000800331490 00007f017891c900 

Instructions: (pc=0x00007f01770abed4)
0x00007f01770abdd4:   75 15 80 e6 04 48 8d 05 08 fe 4c 00 48 8d 15 22
0x00007f01770abde4:   be 47 00 48 0f 44 c2 5d c3 90 66 90 55 48 81 c7
0x00007f01770abdf4:   c0 00 00 00 b8 01 00 00 00 48 89 e5 f0 0f c1 07
0x00007f01770abe04:   83 c0 01 5d c3 90 66 0f 1f 44 00 00 48 8d 15 39
0x00007f01770abe14:   47 9b 00 55 89 f8 48 89 e5 8b 4a 08 5d 48 d3 e0
0x00007f01770abe24:   48 03 02 c3 0f 1f 84 00 00 00 00 00 40 f6 c7 07
0x00007f01770abe34:   75 09 48 81 ff ff 0f 00 00 77 09 31 c0 c3 66 0f
0x00007f01770abe44:   1f 44 00 00 55 48 89 e5 41 54 4c 8d a7 d0 00 00
0x00007f01770abe54:   00 53 48 89 fb 4c 89 e6 e8 7f fd 1b 00 84 c0 75
0x00007f01770abe64:   0b 5b 31 c0 41 5c 5d c3 0f 1f 40 00 4c 89 e6 48
0x00007f01770abe74:   89 df e8 f5 4d 13 00 84 c0 74 e6 48 8b 7b 18 e8
0x00007f01770abe84:   38 8e 33 00 84 c0 74 d9 48 8b bb 98 00 00 00 5b
0x00007f01770abe94:   41 5c 5d e9 e4 95 ba ff 0f 1f 40 00 8b 97 c4 00
0x00007f01770abea4:   00 00 55 48 89 f8 48 89 e5 5d 48 c1 e2 20 48 81
0x00007f01770abeb4:   ca d0 01 00 00 c3 66 0f 1f 44 00 00 55 48 8d 87
0x00007f01770abec4:   d0 01 00 00 48 89 e5 5d c3 90 66 90 55 48 63 f6
0x00007f01770abed4:   48 8b 84 f7 d0 01 00 00 48 89 e5 5d c3 90 0f 1f
0x00007f01770abee4:   40 00 66 2e 0f 1f 84 00 00 00 00 00 55 b8 d0 01
0x00007f01770abef4:   00 00 48 89 e5 5d c3 90 0f 1f 40 00 55 48 89 e5
0x00007f01770abf04:   41 57 41 56 41 55 41 54 49 89 ff 53 41 89 f6 48
0x00007f01770abf14:   83 ec 68 8b 47 08 89 55 98 85 c0 7e 0d f6 87 3a
0x00007f01770abf24:   01 00 00 20 0f 85 b2 02 00 00 49 8b 7f 18 48 85
0x00007f01770abf34:   ff 0f 84 95 01 00 00 e8 d0 7f 33 00 48 89 c7 48
0x00007f01770abf44:   89 45 90 e8 84 9d 87 ff 49 89 c4 48 8d 58 01 41
0x00007f01770abf54:   8b 47 08 3d 00 00 00 c0 4c 89 ff 7d 0a 49 8b bf
0x00007f01770abf64:   f0 00 00 00 8b 47 08 85 c0 0f 8e 7d 01 00 00 48
0x00007f01770abf74:   8b 07 ff 90 88 00 00 00 48 8b 78 10 49 89 c5 48
0x00007f01770abf84:   85 ff 0f 84 2c 02 00 00 e8 0f 72 33 00 48 89 c7
0x00007f01770abf94:   48 89 45 80 4c 8d 25 40 af 4d 00 e8 2c 9d 87 ff
0x00007f01770abfa4:   4c 89 ef 48 01 c3 e8 81 d9 16 00 48 8d 35 9e f0
0x00007f01770abfb4:   4a 00 84 c0 88 85 7f ff ff ff 48 89 75 a0 0f 85
0x00007f01770abfc4:   c8 02 00 00 0f 1f 84 00 00 00 00 00 49 8b 87 98 


Stack slot to memory mapping:
stack at sp + 0 slots: 0x00007f017891c8c0 is pointing into the stack for thread: 0x00007f0170012000
stack at sp + 1 slots: 0x00007f01770dc92b: <offset 0x0000000000a2492b> in /usr/lib/jvm/java-11-openjdk-amd64/lib/server/libjvm.so at 0x00007f01766b8000
stack at sp + 2 slots: 0x00007f017891c8d0 is pointing into the stack for thread: 0x00007f0170012000
stack at sp + 3 slots: 0x00007f0176cfeab7: <offset 0x0000000000646ab7> in /usr/lib/jvm/java-11-openjdk-amd64/lib/server/libjvm.so at 0x00007f01766b8000
stack at sp + 4 slots: 0x00007f0170012bd8 points into unknown readable memory: 08 2f db 8c 00 00 00 00
stack at sp + 5 slots: 0x0000000800331490 is pointing into metadata
stack at sp + 6 slots: 0x0000000800331490 is pointing into metadata
stack at sp + 7 slots: 0x00007f017891c900 is pointing into the stack for thread: 0x00007f0170012000


---------------  P R O C E S S  ---------------

Threads class SMR info:
_java_thread_list=0x00007f01701576c0, length=9, elements={
0x00007f0170012000, 0x00007f0170108000, 0x00007f017010a000, 0x00007f017010f800,
0x00007f0170111800, 0x00007f0170114000, 0x00007f0170116000, 0x00007f017014d800,
0x00007f0170156000
}

Java Threads: ( => current thread )
=>0x00007f0170012000 JavaThread "main" [_thread_in_vm, id=21838, stack(0x00007f017881e000,0x00007f017891f000)]
  0x00007f0170108000 JavaThread "Reference Handler" daemon [_thread_blocked, id=21845, stack(0x00007f01490f6000,0x00007f01491f7000)]
  0x00007f017010a000 JavaThread "Finalizer" daemon [_thread_blocked, id=21846, stack(0x00007f0148ff5000,0x00007f01490f6000)]
  0x00007f017010f800 JavaThread "Signal Dispatcher" daemon [_thread_blocked, id=21847, stack(0x00007f0148525000,0x00007f0148626000)]
  0x00007f0170111800 JavaThread "C2 CompilerThread0" daemon [_thread_blocked, id=21848, stack(0x00007f0148424000,0x00007f0148525000)]
  0x00007f0170114000 JavaThread "C1 CompilerThread0" daemon [_thread_blocked, id=21849, stack(0x00007f0148323000,0x00007f0148424000)]
  0x00007f0170116000 JavaThread "Sweeper thread" daemon [_thread_blocked, id=21850, stack(0x00007f0148222000,0x00007f0148323000)]
  0x00007f017014d800 JavaThread "Service Thread" daemon [_thread_blocked, id=21851, stack(0x00007f0148121000,0x00007f0148222000)]
  0x00007f0170156000 JavaThread "Common-Cleaner" daemon [_thread_blocked, id=21853, stack(0x00007f0117eff000,0x00007f0118000000)]

Other Threads:
  0x00007f0170105800 VMThread "VM Thread" [stack: 0x00007f01491f9000,0x00007f01492f9000] [id=21844]
  0x00007f0170150000 WatcherThread [stack: 0x00007f0148021000,0x00007f0148121000] [id=21852]
  0x00007f0170028000 GCTaskThread "GC Thread#0" [stack: 0x00007f0174811000,0x00007f0174911000] [id=21839]
  0x00007f0170059000 ConcurrentGCThread "G1 Main Marker" [stack: 0x00007f01580a8000,0x00007f01581a8000] [id=21840]
  0x00007f017005b000 ConcurrentGCThread "G1 Conc#0" [stack: 0x00007f0150190000,0x00007f0150290000] [id=21841]
  0x00007f01700d3000 ConcurrentGCThread "G1 Refine#0" [stack: 0x00007f0149bfd000,0x00007f0149cfd000] [id=21842]
  0x00007f01700d5000 ConcurrentGCThread "G1 Young RemSet Sampling" [stack: 0x00007f0149afb000,0x00007f0149bfb000] [id=21843]

Threads with active compile tasks:

VM state:synchronizing (normal execution)

VM Mutex/Monitor currently owned by a thread:  ([mutex/lock_event])
[0x00007f017000e100] Threads_lock - owner thread: 0x00007f0170105800

Heap address: 0x0000000085200000, size: 1966 MB, Compressed Oops mode: 32-bit
Narrow klass base: 0x0000000800000000, Narrow klass shift: 3
Compressed class space size: 1073741824 Address: 0x0000000840000000

Heap:
 garbage-first heap   total 129024K, used 632K [0x0000000085200000, 0x0000000100000000)
  region size 1024K, 1 young (1024K), 0 survivors (0K)
 Metaspace       used 153K, capacity 4480K, committed 4480K, reserved 1056768K
  class space    used 4K, capacity 384K, committed 384K, reserved 1048576K
Heap Regions: E=young(eden), S=young(survivor), O=old, HS=humongous(starts), HC=humongous(continues), CS=collection set, F=free, A=archive, TAMS=top-at-mark-start (previous, next)
|   0|0x0000000085200000, 0x0000000085200000, 0x0000000085300000|  0%| F|  |TAMS 0x0000000085200000, 0x0000000085200000| Untracked 
|   1|0x0000000085300000, 0x0000000085300000, 0x0000000085400000|  0%| F|  |TAMS 0x0000000085300000, 0x0000000085300000| Untracked 
|   2|0x0000000085400000, 0x0000000085400000, 0x0000000085500000|  0%| F|  |TAMS 0x0000000085400000, 0x0000000085400000| Untracked 
|   3|0x0000000085500000, 0x0000000085500000, 0x0000000085600000|  0%| F|  |TAMS 0x0000000085500000, 0x0000000085500000| Untracked 
|   4|0x0000000085600000, 0x0000000085600000, 0x0000000085700000|  0%| F|  |TAMS 0x0000000085600000, 0x0000000085600000| Untracked 
|   5|0x0000000085700000, 0x0000000085700000, 0x0000000085800000|  0%| F|  |TAMS 0x0000000085700000, 0x0000000085700000| Untracked 
|   6|0x0000000085800000, 0x0000000085800000, 0x0000000085900000|  0%| F|  |TAMS 0x0000000085800000, 0x0000000085800000| Untracked 
|   7|0x0000000085900000, 0x0000000085900000, 0x0000000085a00000|  0%| F|  |TAMS 0x0000000085900000, 0x0000000085900000| Untracked 
|   8|0x0000000085a00000, 0x0000000085a00000, 0x0000000085b00000|  0%| F|  |TAMS 0x0000000085a00000, 0x0000000085a00000| Untracked 
|   9|0x0000000085b00000, 0x0000000085b00000, 0x0000000085c00000|  0%| F|  |TAMS 0x0000000085b00000, 0x0000000085b00000| Untracked 
|  10|0x0000000085c00000, 0x0000000085c00000, 0x0000000085d00000|  0%| F|  |TAMS 0x0000000085c00000, 0x0000000085c00000| Untracked 
|  11|0x0000000085d00000, 0x0000000085d00000, 0x0000000085e00000|  0%| F|  |TAMS 0x0000000085d00000, 0x0000000085d00000| Untracked 
|  12|0x0000000085e00000, 0x0000000085e00000, 0x0000000085f00000|  0%| F|  |TAMS 0x0000000085e00000, 0x0000000085e00000| Untracked 
|  13|0x0000000085f00000, 0x0000000085f00000, 0x0000000086000000|  0%| F|  |TAMS 0x0000000085f00000, 0x0000000085f00000| Untracked 
|  14|0x0000000086000000, 0x0000000086000000, 0x0000000086100000|  0%| F|  |TAMS 0x0000000086000000, 0x0000000086000000| Untracked 
|  15|0x0000000086100000, 0x0000000086100000, 0x0000000086200000|  0%| F|  |TAMS 0x0000000086100000, 0x0000000086100000| Untracked 
|  16|0x0000000086200000, 0x0000000086200000, 0x0000000086300000|  0%| F|  |TAMS 0x0000000086200000, 0x0000000086200000| Untracked 
|  17|0x0000000086300000, 0x0000000086300000, 0x0000000086400000|  0%| F|  |TAMS 0x0000000086300000, 0x0000000086300000| Untracked 
|  18|0x0000000086400000, 0x0000000086400000, 0x0000000086500000|  0%| F|  |TAMS 0x0000000086400000, 0x0000000086400000| Untracked 
|  19|0x0000000086500000, 0x0000000086500000, 0x0000000086600000|  0%| F|  |TAMS 0x0000000086500000, 0x0000000086500000| Untracked 
|  20|0x0000000086600000, 0x0000000086600000, 0x0000000086700000|  0%| F|  |TAMS 0x0000000086600000, 0x0000000086600000| Untracked 
|  21|0x0000000086700000, 0x0000000086700000, 0x0000000086800000|  0%| F|  |TAMS 0x0000000086700000, 0x0000000086700000| Untracked 
|  22|0x0000000086800000, 0x0000000086800000, 0x0000000086900000|  0%| F|  |TAMS 0x0000000086800000, 0x0000000086800000| Untracked 
|  23|0x0000000086900000, 0x0000000086900000, 0x0000000086a00000|  0%| F|  |TAMS 0x0000000086900000, 0x0000000086900000| Untracked 
|  24|0x0000000086a00000, 0x0000000086a00000, 0x0000000086b00000|  0%| F|  |TAMS 0x0000000086a00000, 0x0000000086a00000| Untracked 
|  25|0x0000000086b00000, 0x0000000086b00000, 0x0000000086c00000|  0%| F|  |TAMS 0x0000000086b00000, 0x0000000086b00000| Untracked 
|  26|0x0000000086c00000, 0x0000000086c00000, 0x0000000086d00000|  0%| F|  |TAMS 0x0000000086c00000, 0x0000000086c00000| Untracked 
|  27|0x0000000086d00000, 0x0000000086d00000, 0x0000000086e00000|  0%| F|  |TAMS 0x0000000086d00000, 0x0000000086d00000| Untracked 
|  28|0x0000000086e00000, 0x0000000086e00000, 0x0000000086f00000|  0%| F|  |TAMS 0x0000000086e00000, 0x0000000086e00000| Untracked 
|  29|0x0000000086f00000, 0x0000000086f00000, 0x0000000087000000|  0%| F|  |TAMS 0x0000000086f00000, 0x0000000086f00000| Untracked 
|  30|0x0000000087000000, 0x0000000087000000, 0x0000000087100000|  0%| F|  |TAMS 0x0000000087000000, 0x0000000087000000| Untracked 
|  31|0x0000000087100000, 0x0000000087100000, 0x0000000087200000|  0%| F|  |TAMS 0x0000000087100000, 0x0000000087100000| Untracked 
|  32|0x0000000087200000, 0x0000000087200000, 0x0000000087300000|  0%| F|  |TAMS 0x0000000087200000, 0x0000000087200000| Untracked 
|  33|0x0000000087300000, 0x0000000087300000, 0x0000000087400000|  0%| F|  |TAMS 0x0000000087300000, 0x0000000087300000| Untracked 
|  34|0x0000000087400000, 0x0000000087400000, 0x0000000087500000|  0%| F|  |TAMS 0x0000000087400000, 0x0000000087400000| Untracked 
|  35|0x0000000087500000, 0x0000000087500000, 0x0000000087600000|  0%| F|  |TAMS 0x0000000087500000, 0x0000000087500000| Untracked 
|  36|0x0000000087600000, 0x0000000087600000, 0x0000000087700000|  0%| F|  |TAMS 0x0000000087600000, 0x0000000087600000| Untracked 
|  37|0x0000000087700000, 0x0000000087700000, 0x0000000087800000|  0%| F|  |TAMS 0x0000000087700000, 0x0000000087700000| Untracked 
|  38|0x0000000087800000, 0x0000000087800000, 0x0000000087900000|  0%| F|  |TAMS 0x0000000087800000, 0x0000000087800000| Untracked 
|  39|0x0000000087900000, 0x0000000087900000, 0x0000000087a00000|  0%| F|  |TAMS 0x0000000087900000, 0x0000000087900000| Untracked 
|  40|0x0000000087a00000, 0x0000000087a00000, 0x0000000087b00000|  0%| F|  |TAMS 0x0000000087a00000, 0x0000000087a00000| Untracked 
|  41|0x0000000087b00000, 0x0000000087b00000, 0x0000000087c00000|  0%| F|  |TAMS 0x0000000087b00000, 0x0000000087b00000| Untracked 
|  42|0x0000000087c00000, 0x0000000087c00000, 0x0000000087d00000|  0%| F|  |TAMS 0x0000000087c00000, 0x0000000087c00000| Untracked 
|  43|0x0000000087d00000, 0x0000000087d00000, 0x0000000087e00000|  0%| F|  |TAMS 0x0000000087d00000, 0x0000000087d00000| Untracked 
|  44|0x0000000087e00000, 0x0000000087e00000, 0x0000000087f00000|  0%| F|  |TAMS 0x0000000087e00000, 0x0000000087e00000| Untracked 
|  45|0x0000000087f00000, 0x0000000087f00000, 0x0000000088000000|  0%| F|  |TAMS 0x0000000087f00000, 0x0000000087f00000| Untracked 
|  46|0x0000000088000000, 0x0000000088000000, 0x0000000088100000|  0%| F|  |TAMS 0x0000000088000000, 0x0000000088000000| Untracked 
|  47|0x0000000088100000, 0x0000000088100000, 0x0000000088200000|  0%| F|  |TAMS 0x0000000088100000, 0x0000000088100000| Untracked 
|  48|0x0000000088200000, 0x0000000088200000, 0x0000000088300000|  0%| F|  |TAMS 0x0000000088200000, 0x0000000088200000| Untracked 
|  49|0x0000000088300000, 0x0000000088300000, 0x0000000088400000|  0%| F|  |TAMS 0x0000000088300000, 0x0000000088300000| Untracked 
|  50|0x0000000088400000, 0x0000000088400000, 0x0000000088500000|  0%| F|  |TAMS 0x0000000088400000, 0x0000000088400000| Untracked 
|  51|0x0000000088500000, 0x0000000088500000, 0x0000000088600000|  0%| F|  |TAMS 0x0000000088500000, 0x0000000088500000| Untracked 
|  52|0x0000000088600000, 0x0000000088600000, 0x0000000088700000|  0%| F|  |TAMS 0x0000000088600000, 0x0000000088600000| Untracked 
|  53|0x0000000088700000, 0x0000000088700000, 0x0000000088800000|  0%| F|  |TAMS 0x0000000088700000, 0x0000000088700000| Untracked 
|  54|0x0000000088800000, 0x0000000088800000, 0x0000000088900000|  0%| F|  |TAMS 0x0000000088800000, 0x0000000088800000| Untracked 
|  55|0x0000000088900000, 0x0000000088900000, 0x0000000088a00000|  0%| F|  |TAMS 0x0000000088900000, 0x0000000088900000| Untracked 
|  56|0x0000000088a00000, 0x0000000088a00000, 0x0000000088b00000|  0%| F|  |TAMS 0x0000000088a00000, 0x0000000088a00000| Untracked 
|  57|0x0000000088b00000, 0x0000000088b00000, 0x0000000088c00000|  0%| F|  |TAMS 0x0000000088b00000, 0x0000000088b00000| Untracked 
|  58|0x0000000088c00000, 0x0000000088c00000, 0x0000000088d00000|  0%| F|  |TAMS 0x0000000088c00000, 0x0000000088c00000| Untracked 
|  59|0x0000000088d00000, 0x0000000088d00000, 0x0000000088e00000|  0%| F|  |TAMS 0x0000000088d00000, 0x0000000088d00000| Untracked 
|  60|0x0000000088e00000, 0x0000000088e00000, 0x0000000088f00000|  0%| F|  |TAMS 0x0000000088e00000, 0x0000000088e00000| Untracked 
|  61|0x0000000088f00000, 0x0000000088f00000, 0x0000000089000000|  0%| F|  |TAMS 0x0000000088f00000, 0x0000000088f00000| Untracked 
|  62|0x0000000089000000, 0x0000000089000000, 0x0000000089100000|  0%| F|  |TAMS 0x0000000089000000, 0x0000000089000000| Untracked 
|  63|0x0000000089100000, 0x0000000089100000, 0x0000000089200000|  0%| F|  |TAMS 0x0000000089100000, 0x0000000089100000| Untracked 
|  64|0x0000000089200000, 0x0000000089200000, 0x0000000089300000|  0%| F|  |TAMS 0x0000000089200000, 0x0000000089200000| Untracked 
|  65|0x0000000089300000, 0x0000000089300000, 0x0000000089400000|  0%| F|  |TAMS 0x0000000089300000, 0x0000000089300000| Untracked 
|  66|0x0000000089400000, 0x0000000089400000, 0x0000000089500000|  0%| F|  |TAMS 0x0000000089400000, 0x0000000089400000| Untracked 
|  67|0x0000000089500000, 0x0000000089500000, 0x0000000089600000|  0%| F|  |TAMS 0x0000000089500000, 0x0000000089500000| Untracked 
|  68|0x0000000089600000, 0x0000000089600000, 0x0000000089700000|  0%| F|  |TAMS 0x0000000089600000, 0x0000000089600000| Untracked 
|  69|0x0000000089700000, 0x0000000089700000, 0x0000000089800000|  0%| F|  |TAMS 0x0000000089700000, 0x0000000089700000| Untracked 
|  70|0x0000000089800000, 0x0000000089800000, 0x0000000089900000|  0%| F|  |TAMS 0x0000000089800000, 0x0000000089800000| Untracked 
|  71|0x0000000089900000, 0x0000000089900000, 0x0000000089a00000|  0%| F|  |TAMS 0x0000000089900000, 0x0000000089900000| Untracked 
|  72|0x0000000089a00000, 0x0000000089a00000, 0x0000000089b00000|  0%| F|  |TAMS 0x0000000089a00000, 0x0000000089a00000| Untracked 
|  73|0x0000000089b00000, 0x0000000089b00000, 0x0000000089c00000|  0%| F|  |TAMS 0x0000000089b00000, 0x0000000089b00000| Untracked 
|  74|0x0000000089c00000, 0x0000000089c00000, 0x0000000089d00000|  0%| F|  |TAMS 0x0000000089c00000, 0x0000000089c00000| Untracked 
|  75|0x0000000089d00000, 0x0000000089d00000, 0x0000000089e00000|  0%| F|  |TAMS 0x0000000089d00000, 0x0000000089d00000| Untracked 
|  76|0x0000000089e00000, 0x0000000089e00000, 0x0000000089f00000|  0%| F|  |TAMS 0x0000000089e00000, 0x0000000089e00000| Untracked 
|  77|0x0000000089f00000, 0x0000000089f00000, 0x000000008a000000|  0%| F|  |TAMS 0x0000000089f00000, 0x0000000089f00000| Untracked 
|  78|0x000000008a000000, 0x000000008a000000, 0x000000008a100000|  0%| F|  |TAMS 0x000000008a000000, 0x000000008a000000| Untracked 
|  79|0x000000008a100000, 0x000000008a100000, 0x000000008a200000|  0%| F|  |TAMS 0x000000008a100000, 0x000000008a100000| Untracked 
|  80|0x000000008a200000, 0x000000008a200000, 0x000000008a300000|  0%| F|  |TAMS 0x000000008a200000, 0x000000008a200000| Untracked 
|  81|0x000000008a300000, 0x000000008a300000, 0x000000008a400000|  0%| F|  |TAMS 0x000000008a300000, 0x000000008a300000| Untracked 
|  82|0x000000008a400000, 0x000000008a400000, 0x000000008a500000|  0%| F|  |TAMS 0x000000008a400000, 0x000000008a400000| Untracked 
|  83|0x000000008a500000, 0x000000008a500000, 0x000000008a600000|  0%| F|  |TAMS 0x000000008a500000, 0x000000008a500000| Untracked 
|  84|0x000000008a600000, 0x000000008a600000, 0x000000008a700000|  0%| F|  |TAMS 0x000000008a600000, 0x000000008a600000| Untracked 
|  85|0x000000008a700000, 0x000000008a700000, 0x000000008a800000|  0%| F|  |TAMS 0x000000008a700000, 0x000000008a700000| Untracked 
|  86|0x000000008a800000, 0x000000008a800000, 0x000000008a900000|  0%| F|  |TAMS 0x000000008a800000, 0x000000008a800000| Untracked 
|  87|0x000000008a900000, 0x000000008a900000, 0x000000008aa00000|  0%| F|  |TAMS 0x000000008a900000, 0x000000008a900000| Untracked 
|  88|0x000000008aa00000, 0x000000008aa00000, 0x000000008ab00000|  0%| F|  |TAMS 0x000000008aa00000, 0x000000008aa00000| Untracked 
|  89|0x000000008ab00000, 0x000000008ab00000, 0x000000008ac00000|  0%| F|  |TAMS 0x000000008ab00000, 0x000000008ab00000| Untracked 
|  90|0x000000008ac00000, 0x000000008ac00000, 0x000000008ad00000|  0%| F|  |TAMS 0x000000008ac00000, 0x000000008ac00000| Untracked 
|  91|0x000000008ad00000, 0x000000008ad00000, 0x000000008ae00000|  0%| F|  |TAMS 0x000000008ad00000, 0x000000008ad00000| Untracked 
|  92|0x000000008ae00000, 0x000000008ae00000, 0x000000008af00000|  0%| F|  |TAMS 0x000000008ae00000, 0x000000008ae00000| Untracked 
|  93|0x000000008af00000, 0x000000008af00000, 0x000000008b000000|  0%| F|  |TAMS 0x000000008af00000, 0x000000008af00000| Untracked 
|  94|0x000000008b000000, 0x000000008b000000, 0x000000008b100000|  0%| F|  |TAMS 0x000000008b000000, 0x000000008b000000| Untracked 
|  95|0x000000008b100000, 0x000000008b100000, 0x000000008b200000|  0%| F|  |TAMS 0x000000008b100000, 0x000000008b100000| Untracked 
|  96|0x000000008b200000, 0x000000008b200000, 0x000000008b300000|  0%| F|  |TAMS 0x000000008b200000, 0x000000008b200000| Untracked 
|  97|0x000000008b300000, 0x000000008b300000, 0x000000008b400000|  0%| F|  |TAMS 0x000000008b300000, 0x000000008b300000| Untracked 
|  98|0x000000008b400000, 0x000000008b400000, 0x000000008b500000|  0%| F|  |TAMS 0x000000008b400000, 0x000000008b400000| Untracked 
|  99|0x000000008b500000, 0x000000008b500000, 0x000000008b600000|  0%| F|  |TAMS 0x000000008b500000, 0x000000008b500000| Untracked 
| 100|0x000000008b600000, 0x000000008b600000, 0x000000008b700000|  0%| F|  |TAMS 0x000000008b600000, 0x000000008b600000| Untracked 
| 101|0x000000008b700000, 0x000000008b700000, 0x000000008b800000|  0%| F|  |TAMS 0x000000008b700000, 0x000000008b700000| Untracked 
| 102|0x000000008b800000, 0x000000008b800000, 0x000000008b900000|  0%| F|  |TAMS 0x000000008b800000, 0x000000008b800000| Untracked 
| 103|0x000000008b900000, 0x000000008b900000, 0x000000008ba00000|  0%| F|  |TAMS 0x000000008b900000, 0x000000008b900000| Untracked 
| 104|0x000000008ba00000, 0x000000008ba00000, 0x000000008bb00000|  0%| F|  |TAMS 0x000000008ba00000, 0x000000008ba00000| Untracked 
| 105|0x000000008bb00000, 0x000000008bb00000, 0x000000008bc00000|  0%| F|  |TAMS 0x000000008bb00000, 0x000000008bb00000| Untracked 
| 106|0x000000008bc00000, 0x000000008bc00000, 0x000000008bd00000|  0%| F|  |TAMS 0x000000008bc00000, 0x000000008bc00000| Untracked 
| 107|0x000000008bd00000, 0x000000008bd00000, 0x000000008be00000|  0%| F|  |TAMS 0x000000008bd00000, 0x000000008bd00000| Untracked 
| 108|0x000000008be00000, 0x000000008be00000, 0x000000008bf00000|  0%| F|  |TAMS 0x000000008be00000, 0x000000008be00000| Untracked 
| 109|0x000000008bf00000, 0x000000008bf00000, 0x000000008c000000|  0%| F|  |TAMS 0x000000008bf00000, 0x000000008bf00000| Untracked 
| 110|0x000000008c000000, 0x000000008c000000, 0x000000008c100000|  0%| F|  |TAMS 0x000000008c000000, 0x000000008c000000| Untracked 
| 111|0x000000008c100000, 0x000000008c100000, 0x000000008c200000|  0%| F|  |TAMS 0x000000008c100000, 0x000000008c100000| Untracked 
| 112|0x000000008c200000, 0x000000008c200000, 0x000000008c300000|  0%| F|  |TAMS 0x000000008c200000, 0x000000008c200000| Untracked 
| 113|0x000000008c300000, 0x000000008c300000, 0x000000008c400000|  0%| F|  |TAMS 0x000000008c300000, 0x000000008c300000| Untracked 
| 114|0x000000008c400000, 0x000000008c400000, 0x000000008c500000|  0%| F|  |TAMS 0x000000008c400000, 0x000000008c400000| Untracked 
| 115|0x000000008c500000, 0x000000008c500000, 0x000000008c600000|  0%| F|  |TAMS 0x000000008c500000, 0x000000008c500000| Untracked 
| 116|0x000000008c600000, 0x000000008c600000, 0x000000008c700000|  0%| F|  |TAMS 0x000000008c600000, 0x000000008c600000| Untracked 
| 117|0x000000008c700000, 0x000000008c700000, 0x000000008c800000|  0%| F|  |TAMS 0x000000008c700000, 0x000000008c700000| Untracked 
| 118|0x000000008c800000, 0x000000008c800000, 0x000000008c900000|  0%| F|  |TAMS 0x000000008c800000, 0x000000008c800000| Untracked 
| 119|0x000000008c900000, 0x000000008c900000, 0x000000008ca00000|  0%| F|  |TAMS 0x000000008c900000, 0x000000008c900000| Untracked 
| 120|0x000000008ca00000, 0x000000008ca00000, 0x000000008cb00000|  0%| F|  |TAMS 0x000000008ca00000, 0x000000008ca00000| Untracked 
| 121|0x000000008cb00000, 0x000000008cb00000, 0x000000008cc00000|  0%| F|  |TAMS 0x000000008cb00000, 0x000000008cb00000| Untracked 
| 122|0x000000008cc00000, 0x000000008cc00000, 0x000000008cd00000|  0%| F|  |TAMS 0x000000008cc00000, 0x000000008cc00000| Untracked 
| 123|0x000000008cd00000, 0x000000008ce00000, 0x000000008ce00000|100%| E|  |TAMS 0x000000008cd00000, 0x000000008cd00000| Complete 
|1964|0x00000000ffe00000, 0x00000000ffe34000, 0x00000000fff00000| 20%|OA|  |TAMS 0x00000000ffe00000, 0x00000000ffe00000| Untracked 
|1965|0x00000000fff00000, 0x00000000fff6a000, 0x0000000100000000| 41%|CA|  |TAMS 0x00000000fff00000, 0x00000000fff00000| Untracked 

Card table byte_map: [0x00007f015857f000,0x00007f0158956000] _byte_map_base: 0x00007f0158156000

Marking Bits (Prev, Next): (CMBitMap*) 0x00007f01700508a8, (CMBitMap*) 0x00007f01700508e0
 Prev Bits: [0x00007f0152148000, 0x00007f0154000000)
 Next Bits: [0x00007f0150290000, 0x00007f0152148000)

Polling page: 0x00007f0178934000

Metaspace:

Usage:
  Non-class:      4.00 MB capacity,   149.53 KB (  4%) used,     3.85 MB ( 96%) free+waste,    64 bytes ( <1%) overhead. 
      Class:    384.00 KB capacity,     4.18 KB (  1%) used,   379.76 KB ( 99%) free+waste,    64 bytes ( <1%) overhead. 
       Both:      4.38 MB capacity,   153.71 KB (  3%) used,     4.22 MB ( 97%) free+waste,   128 bytes ( <1%) overhead. 

Virtual space:
  Non-class space:        8.00 MB reserved,       4.00 MB ( 50%) committed 
      Class space:        1.00 GB reserved,     384.00 KB ( <1%) committed 
             Both:        1.01 GB reserved,       4.38 MB ( <1%) committed 

Chunk freelists:
   Non-Class:  0 bytes
       Class:  0 bytes
        Both:  0 bytes

CodeHeap 'non-profiled nmethods': size=120032Kb used=17Kb max_used=17Kb free=120014Kb
 bounds [0x00007f016041e000, 0x00007f016068e000, 0x00007f0167956000]
CodeHeap 'profiled nmethods': size=120032Kb used=78Kb max_used=78Kb free=119954Kb
 bounds [0x00007f0158ee6000, 0x00007f0159156000, 0x00007f016041e000]
CodeHeap 'non-nmethods': size=5696Kb used=990Kb max_used=999Kb free=4705Kb
 bounds [0x00007f0158956000, 0x00007f0158bc6000, 0x00007f0158ee6000]
 total_blobs=355 nmethods=61 adapters=156
 compilation: enabled
              stopped_count=0, restarted_count=0
 full_count=0

Compilation events (10 events):
Event: 0.041 Thread 0x00007f0170114000 nmethod 55 0x00007f0158ef8890 code [0x00007f0158ef8a40, 0x00007f0158ef8c30]
Event: 0.041 Thread 0x00007f0170114000   48       1       java.lang.module.ResolvedModule::configuration (5 bytes)
Event: 0.042 Thread 0x00007f0170114000 nmethod 48 0x00007f0160421c10 code [0x00007f0160421dc0, 0x00007f0160421ef0]
Event: 0.042 Thread 0x00007f0170114000   54       1       java.lang.Module::getDescriptor (5 bytes)
Event: 0.042 Thread 0x00007f0170114000 nmethod 54 0x00007f0160421f90 code [0x00007f0160422140, 0x00007f0160422270]
Event: 0.042 Thread 0x00007f0170114000   37       3       java.lang.String::length (11 bytes)
Event: 0.042 Thread 0x00007f0170114000 nmethod 37 0x00007f0158ef8c90 code [0x00007f0158ef8e40, 0x00007f0158ef9050]
Event: 0.042 Thread 0x00007f0170111800 nmethod 60 0x00007f0160422310 code [0x00007f01604224a0, 0x00007f0160422558]
Event: 0.046 Thread 0x00007f0170114000   61       3       java.lang.StringLatin1::indexOf (61 bytes)
Event: 0.046 Thread 0x00007f0170114000 nmethod 61 0x00007f0158ef9110 code [0x00007f0158ef92e0, 0x00007f0158ef96f0]

GC Heap History (0 events):
No events

Deoptimization events (4 events):
Event: 0.046 Thread 0x00007f0170012000 Uncommon trap: trap_request=0xffffff4d fr.pc=0x00007f01604210c8 relative=0x0000000000000088
Event: 0.046 Thread 0x00007f0170012000 Uncommon trap: reason=unstable_if action=reinterpret pc=0x00007f01604210c8 method=java.lang.String.hashCode()I @ 14 c2
Event: 0.046 Thread 0x00007f0170012000 DEOPT PACKING pc=0x00007f01604210c8 sp=0x00007f017891c1a0
Event: 0.046 Thread 0x00007f0170012000 DEOPT UNPACKING pc=0x00007f015897ea25 sp=0x00007f017891c158 mode 2

Classes redefined (0 events):
No events

Internal exceptions (0 events):
No events

Events (10 events):
Event: 0.042 Executing VM operation: EnableBiasedLocking done
Event: 0.042 loading class jdk/internal/vm/PostVMInitHook
Event: 0.042 loading class jdk/internal/vm/PostVMInitHook done
Event: 0.046 loading class com/bridgelabz/AirtelServices/Airtel
Event: 0.046 loading class com/bridgelabz/AirtelServices/Airtel done
Event: 0.046 loading class jdk/internal/loader/URLClassPath$FileLoader
Event: 0.046 loading class jdk/internal/loader/URLClassPath$FileLoader done
Event: 0.047 loading class jdk/internal/loader/URLClassPath$FileLoader$1
Event: 0.047 loading class jdk/internal/loader/URLClassPath$FileLoader$1 done
Event: 0.047 Thread 0x00007f0170156000 Thread added: 0x00007f0170156000


Dynamic libraries:
85200000-8ce00000 rw-p 00000000 00:00 0 
8ce00000-ffe00000 ---p 00000000 00:00 0 
ffe00000-ffe34000 rw-p 01116000 08:02 10355631                           /usr/lib/jvm/java-11-openjdk-amd64/lib/server/classes.jsa
ffe34000-fff00000 rw-p 00000000 00:00 0 
fff00000-fff6a000 rw-p 010ac000 08:02 10355631                           /usr/lib/jvm/java-11-openjdk-amd64/lib/server/classes.jsa
fff6a000-100000000 rw-p 00000000 00:00 0 
800000000-800002000 rwxp 00001000 08:02 10355631                         /usr/lib/jvm/java-11-openjdk-amd64/lib/server/classes.jsa
800002000-8003bd000 rw-p 00003000 08:02 10355631                         /usr/lib/jvm/java-11-openjdk-amd64/lib/server/classes.jsa
8003bd000-800a98000 r--p 003be000 08:02 10355631                         /usr/lib/jvm/java-11-openjdk-amd64/lib/server/classes.jsa
800a98000-800a99000 rw-p 00a99000 08:02 10355631                         /usr/lib/jvm/java-11-openjdk-amd64/lib/server/classes.jsa
800a99000-8010ab000 r--p 00a9a000 08:02 10355631                         /usr/lib/jvm/java-11-openjdk-amd64/lib/server/classes.jsa
840000000-840060000 rw-p 00000000 00:00 0 
840060000-880000000 ---p 00000000 00:00 0 
558212b81000-558212b82000 r-xp 00000000 08:02 10360917                   /usr/lib/jvm/java-11-openjdk-amd64/bin/java
558212d82000-558212d83000 r--p 00001000 08:02 10360917                   /usr/lib/jvm/java-11-openjdk-amd64/bin/java
558212d83000-558212d84000 rw-p 00002000 08:02 10360917                   /usr/lib/jvm/java-11-openjdk-amd64/bin/java
55821493c000-55821495d000 rw-p 00000000 00:00 0                          [heap]
7f0110000000-7f0110021000 rw-p 00000000 00:00 0 
7f0110021000-7f0114000000 ---p 00000000 00:00 0 
7f0117eff000-7f0117f03000 ---p 00000000 00:00 0 
7f0117f03000-7f0118000000 rw-p 00000000 00:00 0 
7f0118000000-7f0118021000 rw-p 00000000 00:00 0 
7f0118021000-7f011c000000 ---p 00000000 00:00 0 
7f011c000000-7f011c021000 rw-p 00000000 00:00 0 
7f011c021000-7f0120000000 ---p 00000000 00:00 0 
7f0120000000-7f012007e000 rw-p 00000000 00:00 0 
7f012007e000-7f0124000000 ---p 00000000 00:00 0 
7f0124000000-7f0124021000 rw-p 00000000 00:00 0 
7f0124021000-7f0128000000 ---p 00000000 00:00 0 
7f0128000000-7f0128021000 rw-p 00000000 00:00 0 
7f0128021000-7f012c000000 ---p 00000000 00:00 0 
7f012c000000-7f012c067000 rw-p 00000000 00:00 0 
7f012c067000-7f0130000000 ---p 00000000 00:00 0 
7f0130000000-7f0130021000 rw-p 00000000 00:00 0 
7f0130021000-7f0134000000 ---p 00000000 00:00 0 
7f0134000000-7f0134021000 rw-p 00000000 00:00 0 
7f0134021000-7f0138000000 ---p 00000000 00:00 0 
7f0138000000-7f0138021000 rw-p 00000000 00:00 0 
7f0138021000-7f013c000000 ---p 00000000 00:00 0 
7f013c000000-7f013c021000 rw-p 00000000 00:00 0 
7f013c021000-7f0140000000 ---p 00000000 00:00 0 
7f0140000000-7f0140021000 rw-p 00000000 00:00 0 
7f0140021000-7f0144000000 ---p 00000000 00:00 0 
7f0144000000-7f0144021000 rw-p 00000000 00:00 0 
7f0144021000-7f0148000000 ---p 00000000 00:00 0 
7f014801f000-7f0148020000 ---p 00000000 00:00 0 
7f0148020000-7f0148121000 rw-p 00000000 00:00 0 
7f0148121000-7f0148125000 ---p 00000000 00:00 0 
7f0148125000-7f0148222000 rw-p 00000000 00:00 0 
7f0148222000-7f0148226000 ---p 00000000 00:00 0 
7f0148226000-7f0148323000 rw-p 00000000 00:00 0 
7f0148323000-7f0148327000 ---p 00000000 00:00 0 
7f0148327000-7f0148424000 rw-p 00000000 00:00 0 
7f0148424000-7f0148428000 ---p 00000000 00:00 0 
7f0148428000-7f0148525000 rw-p 00000000 00:00 0 
7f0148525000-7f0148529000 ---p 00000000 00:00 0 
7f0148529000-7f0148626000 rw-p 00000000 00:00 0 
7f0148626000-7f0148ff5000 r--p 00000000 08:02 10361460                   /usr/lib/locale/locale-archive
7f0148ff5000-7f0148ff9000 ---p 00000000 00:00 0 
7f0148ff9000-7f01490f6000 rw-p 00000000 00:00 0 
7f01490f6000-7f01490fa000 ---p 00000000 00:00 0 
7f01490fa000-7f01491f7000 rw-p 00000000 00:00 0 
7f01491f7000-7f01491f8000 ---p 00000000 00:00 0 
7f01491f8000-7f01496f9000 rw-p 00000000 00:00 0 
7f01496f9000-7f0149af9000 ---p 00000000 00:00 0 
7f0149af9000-7f0149afa000 ---p 00000000 00:00 0 
7f0149afa000-7f0149bfb000 rw-p 00000000 00:00 0 
7f0149bfb000-7f0149bfc000 ---p 00000000 00:00 0 
7f0149bfc000-7f014c000000 rw-p 00000000 00:00 0 
7f014c000000-7f014c021000 rw-p 00000000 00:00 0 
7f014c021000-7f0150000000 ---p 00000000 00:00 0 
7f015000c000-7f015018e000 rw-p 00000000 00:00 0 
7f015018e000-7f015018f000 ---p 00000000 00:00 0 
7f015018f000-7f0150480000 rw-p 00000000 00:00 0 
7f0150480000-7f0152140000 ---p 00000000 00:00 0 
7f0152140000-7f0152338000 rw-p 00000000 00:00 0 
7f0152338000-7f0153ff8000 ---p 00000000 00:00 0 
7f0153ff8000-7f0154000000 rw-p 00000000 00:00 0 
7f0154000000-7f0154021000 rw-p 00000000 00:00 0 
7f0154021000-7f0158000000 ---p 00000000 00:00 0 
7f015804b000-7f01580a6000 rw-p 00000000 00:00 0 
7f01580a6000-7f01580a7000 ---p 00000000 00:00 0 
7f01580a7000-7f01581e6000 rw-p 00000000 00:00 0 
7f01581e6000-7f015857e000 ---p 00000000 00:00 0 
7f015857e000-7f01585bd000 rw-p 00000000 00:00 0 
7f01585bd000-7f0158955000 ---p 00000000 00:00 0 
7f0158955000-7f0158956000 rw-p 00000000 00:00 0 
7f0158956000-7f0158bc6000 rwxp 00000000 00:00 0 
7f0158bc6000-7f0158ee6000 ---p 00000000 00:00 0 
7f0158ee6000-7f0159156000 rwxp 00000000 00:00 0 
7f0159156000-7f016041e000 ---p 00000000 00:00 0 
7f016041e000-7f016068e000 rwxp 00000000 00:00 0 
7f016068e000-7f0167956000 ---p 00000000 00:00 0 
7f0167956000-7f0170000000 r--s 00000000 08:02 10364832                   /usr/lib/jvm/java-11-openjdk-amd64/lib/modules
7f0170000000-7f0170160000 rw-p 00000000 00:00 0 
7f0170160000-7f0174000000 ---p 00000000 00:00 0 
7f0174034000-7f0174072000 rw-p 00000000 00:00 0 
7f0174072000-7f017440a000 ---p 00000000 00:00 0 
7f017440a000-7f017480f000 rw-p 00000000 00:00 0 
7f017480f000-7f0174810000 ---p 00000000 00:00 0 
7f0174810000-7f0174916000 rw-p 00000000 00:00 0 
7f0174916000-7f01749fc000 ---p 00000000 00:00 0 
7f01749fc000-7f0174a01000 rw-p 00000000 00:00 0 
7f0174a01000-7f0174ae7000 ---p 00000000 00:00 0 
7f0174ae7000-7f0174aec000 r-xp 00000000 08:02 10364814                   /usr/lib/jvm/java-11-openjdk-amd64/lib/libjimage.so
7f0174aec000-7f0174ceb000 ---p 00005000 08:02 10364814                   /usr/lib/jvm/java-11-openjdk-amd64/lib/libjimage.so
7f0174ceb000-7f0174cec000 r--p 00004000 08:02 10364814                   /usr/lib/jvm/java-11-openjdk-amd64/lib/libjimage.so
7f0174cec000-7f0174ced000 rw-p 00005000 08:02 10364814                   /usr/lib/jvm/java-11-openjdk-amd64/lib/libjimage.so
7f0174ced000-7f0174cf4000 r-xp 00000000 08:02 10364831                   /usr/lib/jvm/java-11-openjdk-amd64/lib/libzip.so
7f0174cf4000-7f0174ef3000 ---p 00007000 08:02 10364831                   /usr/lib/jvm/java-11-openjdk-amd64/lib/libzip.so
7f0174ef3000-7f0174ef4000 r--p 00006000 08:02 10364831                   /usr/lib/jvm/java-11-openjdk-amd64/lib/libzip.so
7f0174ef4000-7f0174ef5000 rw-p 00007000 08:02 10364831                   /usr/lib/jvm/java-11-openjdk-amd64/lib/libzip.so
7f0174ef5000-7f0174f00000 r-xp 00000000 08:02 10752751                   /lib/x86_64-linux-gnu/libnss_files-2.27.so
7f0174f00000-7f01750ff000 ---p 0000b000 08:02 10752751                   /lib/x86_64-linux-gnu/libnss_files-2.27.so
7f01750ff000-7f0175100000 r--p 0000a000 08:02 10752751                   /lib/x86_64-linux-gnu/libnss_files-2.27.so
7f0175100000-7f0175101000 rw-p 0000b000 08:02 10752751                   /lib/x86_64-linux-gnu/libnss_files-2.27.so
7f0175101000-7f0175107000 rw-p 00000000 00:00 0 
7f0175107000-7f017511e000 r-xp 00000000 08:02 10752745                   /lib/x86_64-linux-gnu/libnsl-2.27.so
7f017511e000-7f017531d000 ---p 00017000 08:02 10752745                   /lib/x86_64-linux-gnu/libnsl-2.27.so
7f017531d000-7f017531e000 r--p 00016000 08:02 10752745                   /lib/x86_64-linux-gnu/libnsl-2.27.so
7f017531e000-7f017531f000 rw-p 00017000 08:02 10752745                   /lib/x86_64-linux-gnu/libnsl-2.27.so
7f017531f000-7f0175321000 rw-p 00000000 00:00 0 
7f0175321000-7f017532c000 r-xp 00000000 08:02 10752762                   /lib/x86_64-linux-gnu/libnss_nis-2.27.so
7f017532c000-7f017552b000 ---p 0000b000 08:02 10752762                   /lib/x86_64-linux-gnu/libnss_nis-2.27.so
7f017552b000-7f017552c000 r--p 0000a000 08:02 10752762                   /lib/x86_64-linux-gnu/libnss_nis-2.27.so
7f017552c000-7f017552d000 rw-p 0000b000 08:02 10752762                   /lib/x86_64-linux-gnu/libnss_nis-2.27.so
7f017552d000-7f0175535000 r-xp 00000000 08:02 10752747                   /lib/x86_64-linux-gnu/libnss_compat-2.27.so
7f0175535000-7f0175735000 ---p 00008000 08:02 10752747                   /lib/x86_64-linux-gnu/libnss_compat-2.27.so
7f0175735000-7f0175736000 r--p 00008000 08:02 10752747                   /lib/x86_64-linux-gnu/libnss_compat-2.27.so
7f0175736000-7f0175737000 rw-p 00009000 08:02 10752747                   /lib/x86_64-linux-gnu/libnss_compat-2.27.so
7f0175737000-7f0175760000 r-xp 00000000 08:02 10364810                   /usr/lib/jvm/java-11-openjdk-amd64/lib/libjava.so
7f0175760000-7f017595f000 ---p 00029000 08:02 10364810                   /usr/lib/jvm/java-11-openjdk-amd64/lib/libjava.so
7f017595f000-7f0175960000 r--p 00028000 08:02 10364810                   /usr/lib/jvm/java-11-openjdk-amd64/lib/libjava.so
7f0175960000-7f0175962000 rw-p 00029000 08:02 10364810                   /usr/lib/jvm/java-11-openjdk-amd64/lib/libjava.so
7f0175962000-7f017596f000 r-xp 00000000 08:02 10364830                   /usr/lib/jvm/java-11-openjdk-amd64/lib/libverify.so
7f017596f000-7f0175b6e000 ---p 0000d000 08:02 10364830                   /usr/lib/jvm/java-11-openjdk-amd64/lib/libverify.so
7f0175b6e000-7f0175b70000 r--p 0000c000 08:02 10364830                   /usr/lib/jvm/java-11-openjdk-amd64/lib/libverify.so
7f0175b70000-7f0175b71000 rw-p 0000e000 08:02 10364830                   /usr/lib/jvm/java-11-openjdk-amd64/lib/libverify.so
7f0175b71000-7f0175b78000 r-xp 00000000 08:02 10752802                   /lib/x86_64-linux-gnu/librt-2.27.so
7f0175b78000-7f0175d77000 ---p 00007000 08:02 10752802                   /lib/x86_64-linux-gnu/librt-2.27.so
7f0175d77000-7f0175d78000 r--p 00006000 08:02 10752802                   /lib/x86_64-linux-gnu/librt-2.27.so
7f0175d78000-7f0175d79000 rw-p 00007000 08:02 10752802                   /lib/x86_64-linux-gnu/librt-2.27.so
7f0175d79000-7f0175d90000 r-xp 00000000 08:02 10748292                   /lib/x86_64-linux-gnu/libgcc_s.so.1
7f0175d90000-7f0175f8f000 ---p 00017000 08:02 10748292                   /lib/x86_64-linux-gnu/libgcc_s.so.1
7f0175f8f000-7f0175f90000 r--p 00016000 08:02 10748292                   /lib/x86_64-linux-gnu/libgcc_s.so.1
7f0175f90000-7f0175f91000 rw-p 00017000 08:02 10748292                   /lib/x86_64-linux-gnu/libgcc_s.so.1
7f0175f91000-7f017612e000 r-xp 00000000 08:02 10752724                   /lib/x86_64-linux-gnu/libm-2.27.so
7f017612e000-7f017632d000 ---p 0019d000 08:02 10752724                   /lib/x86_64-linux-gnu/libm-2.27.so
7f017632d000-7f017632e000 r--p 0019c000 08:02 10752724                   /lib/x86_64-linux-gnu/libm-2.27.so
7f017632e000-7f017632f000 rw-p 0019d000 08:02 10752724                   /lib/x86_64-linux-gnu/libm-2.27.so
7f017632f000-7f01764a8000 r-xp 00000000 08:02 10355208                   /usr/lib/x86_64-linux-gnu/libstdc++.so.6.0.25
7f01764a8000-7f01766a8000 ---p 00179000 08:02 10355208                   /usr/lib/x86_64-linux-gnu/libstdc++.so.6.0.25
7f01766a8000-7f01766b2000 r--p 00179000 08:02 10355208                   /usr/lib/x86_64-linux-gnu/libstdc++.so.6.0.25
7f01766b2000-7f01766b4000 rw-p 00183000 08:02 10355208                   /usr/lib/x86_64-linux-gnu/libstdc++.so.6.0.25
7f01766b4000-7f01766b8000 rw-p 00000000 00:00 0 
7f01766b8000-7f0177784000 r-xp 00000000 08:02 10364835                   /usr/lib/jvm/java-11-openjdk-amd64/lib/server/libjvm.so
7f0177784000-7f0177983000 ---p 010cc000 08:02 10364835                   /usr/lib/jvm/java-11-openjdk-amd64/lib/server/libjvm.so
7f0177983000-7f0177a40000 r--p 010cb000 08:02 10364835                   /usr/lib/jvm/java-11-openjdk-amd64/lib/server/libjvm.so
7f0177a40000-7f0177a79000 rw-p 01188000 08:02 10364835                   /usr/lib/jvm/java-11-openjdk-amd64/lib/server/libjvm.so
7f0177a79000-7f0177acf000 rw-p 00000000 00:00 0 
7f0177acf000-7f0177ae9000 r-xp 00000000 08:02 10752794                   /lib/x86_64-linux-gnu/libpthread-2.27.so
7f0177ae9000-7f0177ce8000 ---p 0001a000 08:02 10752794                   /lib/x86_64-linux-gnu/libpthread-2.27.so
7f0177ce8000-7f0177ce9000 r--p 00019000 08:02 10752794                   /lib/x86_64-linux-gnu/libpthread-2.27.so
7f0177ce9000-7f0177cea000 rw-p 0001a000 08:02 10752794                   /lib/x86_64-linux-gnu/libpthread-2.27.so
7f0177cea000-7f0177cee000 rw-p 00000000 00:00 0 
7f0177cee000-7f0177cf1000 r-xp 00000000 08:02 10752684                   /lib/x86_64-linux-gnu/libdl-2.27.so
7f0177cf1000-7f0177ef0000 ---p 00003000 08:02 10752684                   /lib/x86_64-linux-gnu/libdl-2.27.so
7f0177ef0000-7f0177ef1000 r--p 00002000 08:02 10752684                   /lib/x86_64-linux-gnu/libdl-2.27.so
7f0177ef1000-7f0177ef2000 rw-p 00003000 08:02 10752684                   /lib/x86_64-linux-gnu/libdl-2.27.so
7f0177ef2000-7f0177f0e000 r-xp 00000000 08:02 10752833                   /lib/x86_64-linux-gnu/libz.so.1.2.11
7f0177f0e000-7f017810d000 ---p 0001c000 08:02 10752833                   /lib/x86_64-linux-gnu/libz.so.1.2.11
7f017810d000-7f017810e000 r--p 0001b000 08:02 10752833                   /lib/x86_64-linux-gnu/libz.so.1.2.11
7f017810e000-7f017810f000 rw-p 0001c000 08:02 10752833                   /lib/x86_64-linux-gnu/libz.so.1.2.11
7f017810f000-7f01782f6000 r-xp 00000000 08:02 10752661                   /lib/x86_64-linux-gnu/libc-2.27.so
7f01782f6000-7f01784f6000 ---p 001e7000 08:02 10752661                   /lib/x86_64-linux-gnu/libc-2.27.so
7f01784f6000-7f01784fa000 r--p 001e7000 08:02 10752661                   /lib/x86_64-linux-gnu/libc-2.27.so
7f01784fa000-7f01784fc000 rw-p 001eb000 08:02 10752661                   /lib/x86_64-linux-gnu/libc-2.27.so
7f01784fc000-7f0178500000 rw-p 00000000 00:00 0 
7f0178500000-7f0178510000 r-xp 00000000 08:02 10361455                   /usr/lib/jvm/java-11-openjdk-amd64/lib/jli/libjli.so
7f0178510000-7f017870f000 ---p 00010000 08:02 10361455                   /usr/lib/jvm/java-11-openjdk-amd64/lib/jli/libjli.so
7f017870f000-7f0178710000 r--p 0000f000 08:02 10361455                   /usr/lib/jvm/java-11-openjdk-amd64/lib/jli/libjli.so
7f0178710000-7f0178711000 rw-p 00010000 08:02 10361455                   /usr/lib/jvm/java-11-openjdk-amd64/lib/jli/libjli.so
7f0178711000-7f0178738000 r-xp 00000000 08:02 10752633                   /lib/x86_64-linux-gnu/ld-2.27.so
7f0178766000-7f0178817000 rw-p 00000000 00:00 0 
7f0178817000-7f017881e000 ---p 00000000 00:00 0 
7f017881e000-7f0178822000 ---p 00000000 00:00 0 
7f0178822000-7f0178921000 rw-p 00000000 00:00 0 
7f017892a000-7f017892c000 r--s 00007000 08:02 11146510                   /usr/share/java/java-atk-wrapper.jar
7f017892c000-7f0178934000 rw-s 00000000 08:02 16777227                   /tmp/hsperfdata_admin1/21833
7f0178934000-7f0178935000 ---p 00000000 00:00 0 
7f0178935000-7f0178936000 r--p 00000000 00:00 0 
7f0178936000-7f0178938000 rw-p 00000000 00:00 0 
7f0178938000-7f0178939000 r--p 00027000 08:02 10752633                   /lib/x86_64-linux-gnu/ld-2.27.so
7f0178939000-7f017893a000 rw-p 00028000 08:02 10752633                   /lib/x86_64-linux-gnu/ld-2.27.so
7f017893a000-7f017893b000 rw-p 00000000 00:00 0 
7ffd9deb3000-7ffd9ded4000 rw-p 00000000 00:00 0                          [stack]
7ffd9df76000-7ffd9df79000 r--p 00000000 00:00 0                          [vvar]
7ffd9df79000-7ffd9df7b000 r-xp 00000000 00:00 0                          [vdso]
ffffffffff600000-ffffffffff601000 r-xp 00000000 00:00 0                  [vsyscall]


VM Arguments:
jvm_args: -Dfile.encoding=UTF-8 
java_command: com.bridgelabz.AirtelServices.Airtel
java_class_path (initial): /home/admin1/Documents/workspace-spring-tool-suite-4-4.4.0.RELEASE/AirtelServices/target/classes:/home/admin1/.m2/repository/org/springframework/spring-context/5.1.10.RELEASE/spring-context-5.1.10.RELEASE.jar:/home/admin1/.m2/repository/org/springframework/spring-aop/5.1.10.RELEASE/spring-aop-5.1.10.RELEASE.jar:/home/admin1/.m2/repository/org/springframework/spring-beans/5.1.10.RELEASE/spring-beans-5.1.10.RELEASE.jar:/home/admin1/.m2/repository/org/springframework/spring-core/5.1.10.RELEASE/spring-core-5.1.10.RELEASE.jar:/home/admin1/.m2/repository/org/springframework/spring-jcl/5.1.10.RELEASE/spring-jcl-5.1.10.RELEASE.jar:/home/admin1/.m2/repository/org/springframework/spring-expression/5.1.10.RELEASE/spring-expression-5.1.10.RELEASE.jar
Launcher Type: SUN_STANDARD

[Global flags]
     intx CICompilerCount                          = 3                                         {product} {ergonomic}
     uint ConcGCThreads                            = 1                                         {product} {ergonomic}
     uint G1ConcRefinementThreads                  = 4                                         {product} {ergonomic}
   size_t G1HeapRegionSize                         = 1048576                                   {product} {ergonomic}
    uintx GCDrainStackTargetSize                   = 64                                        {product} {ergonomic}
   size_t InitialHeapSize                          = 130023424                                 {product} {ergonomic}
   size_t MarkStackSize                            = 4194304                                   {product} {ergonomic}
   size_t MaxHeapSize                              = 2061500416                                {product} {ergonomic}
   size_t MaxNewSize                               = 1236271104                                {product} {ergonomic}
   size_t MinHeapDeltaBytes                        = 1048576                                   {product} {ergonomic}
    uintx NonNMethodCodeHeapSize                   = 5830092                                {pd product} {ergonomic}
    uintx NonProfiledCodeHeapSize                  = 122914074                              {pd product} {ergonomic}
    uintx ProfiledCodeHeapSize                     = 122914074                              {pd product} {ergonomic}
    uintx ReservedCodeCacheSize                    = 251658240                              {pd product} {ergonomic}
     bool SegmentedCodeCache                       = true                                      {product} {ergonomic}
     bool UseCompressedClassPointers               = true                                 {lp64_product} {ergonomic}
     bool UseCompressedOops                        = true                                 {lp64_product} {ergonomic}
     bool UseG1GC                                  = true                                      {product} {ergonomic}

Logging:
Log output configuration:
 #0: stdout all=warning uptime,level,tags
 #1: stderr all=off uptime,level,tags

Environment Variables:
PATH=/home/admin1/.local/bin:/home/admin1/bin:/usr/local/sbin:/usr/local/bin:/usr/sbin:/usr/bin:/sbin:/bin:/usr/games:/usr/local/games:/snap/bin
USERNAME=admin1
SHELL=/bin/bash
DISPLAY=:0

Signal Handlers:
SIGSEGV: [libjvm.so+0xde5f50], sa_mask[0]=11111111011111111101111111111110, sa_flags=SA_RESTART|SA_SIGINFO
SIGBUS: [libjvm.so+0xde5f50], sa_mask[0]=11111111011111111101111111111110, sa_flags=SA_RESTART|SA_SIGINFO
SIGFPE: [libjvm.so+0xde5f50], sa_mask[0]=11111111011111111101111111111110, sa_flags=SA_RESTART|SA_SIGINFO
SIGPIPE: [libjvm.so+0xbba5b0], sa_mask[0]=11111111011111111101111111111110, sa_flags=SA_RESTART|SA_SIGINFO
SIGXFSZ: [libjvm.so+0xbba5b0], sa_mask[0]=11111111011111111101111111111110, sa_flags=SA_RESTART|SA_SIGINFO
SIGILL: [libjvm.so+0xde5f50], sa_mask[0]=11111111011111111101111111111110, sa_flags=SA_RESTART|SA_SIGINFO
SIGUSR2: [libjvm.so+0xbba450], sa_mask[0]=00100000000000000000000000000000, sa_flags=SA_RESTART|SA_SIGINFO
SIGHUP: [libjvm.so+0xbba7b0], sa_mask[0]=11111111011111111101111111111110, sa_flags=SA_RESTART|SA_SIGINFO
SIGINT: [libjvm.so+0xbba7b0], sa_mask[0]=11111111011111111101111111111110, sa_flags=SA_RESTART|SA_SIGINFO
SIGTERM: [libjvm.so+0xbba7b0], sa_mask[0]=11111111011111111101111111111110, sa_flags=SA_RESTART|SA_SIGINFO
SIGQUIT: [libjvm.so+0xbba7b0], sa_mask[0]=11111111011111111101111111111110, sa_flags=SA_RESTART|SA_SIGINFO


---------------  S Y S T E M  ---------------

OS:DISTRIB_ID=Ubuntu
DISTRIB_RELEASE=18.04
DISTRIB_CODENAME=bionic
DISTRIB_DESCRIPTION="Ubuntu 18.04.2 LTS"
uname:Linux 4.15.0-64-generic #73-Ubuntu SMP Thu Sep 12 13:16:13 UTC 2019 x86_64
libc:glibc 2.27 NPTL 2.27 
rlimit: STACK 8192k, CORE 0k, NPROC 30891, NOFILE 4096, AS infinity, DATA infinity, FSIZE infinity
load average:1.26 0.98 0.85

/proc/meminfo:
MemTotal:        8052724 kB
MemFree:          152076 kB
MemAvailable:    4097180 kB
Buffers:          835132 kB
Cached:          2633684 kB
SwapCached:            0 kB
Active:          5031884 kB
Inactive:        1420168 kB
Active(anon):    2964632 kB
Inactive(anon):   488780 kB
Active(file):    2067252 kB
Inactive(file):   931388 kB
Unevictable:          80 kB
Mlocked:              80 kB
SwapTotal:       2097148 kB
SwapFree:        2097148 kB
Dirty:               216 kB
Writeback:             0 kB
AnonPages:       2983444 kB
Mapped:           593920 kB
Shmem:            470176 kB
Slab:            1310836 kB
SReclaimable:    1247412 kB
SUnreclaim:        63424 kB
KernelStack:       15632 kB
PageTables:        59732 kB
NFS_Unstable:          0 kB
Bounce:                0 kB
WritebackTmp:          0 kB
CommitLimit:     6123508 kB
Committed_AS:    9389372 kB
VmallocTotal:   34359738367 kB
VmallocUsed:           0 kB
VmallocChunk:          0 kB
HardwareCorrupted:     0 kB
AnonHugePages:         0 kB
ShmemHugePages:        0 kB
ShmemPmdMapped:        0 kB
CmaTotal:              0 kB
CmaFree:               0 kB
HugePages_Total:       0
HugePages_Free:        0
HugePages_Rsvd:        0
HugePages_Surp:        0
Hugepagesize:       2048 kB
DirectMap4k:      242796 kB
DirectMap2M:     6981632 kB
DirectMap1G:     1048576 kB


/proc/sys/kernel/threads-max (system-wide limit on the number of threads):
61783


/proc/sys/vm/max_map_count (maximum number of memory map areas a process may have):
65530


/proc/sys/kernel/pid_max (system-wide limit on number of process identifiers):
32768



container (cgroup) information:
container_type: cgroupv1
cpu_cpuset_cpus: 0-3
cpu_memory_nodes: 0
active_processor_count: 4
cpu_quota: -1
cpu_period: 100000
cpu_shares: -1
memory_limit_in_bytes: -1
memory_and_swap_limit_in_bytes: -2
memory_soft_limit_in_bytes: -1
memory_usage_in_bytes: 6607298560
memory_max_usage_in_bytes: 0

Steal ticks since vm start: 0
Steal ticks percentage since vm start:  0.000

CPU:total 4 (initial active 4) (4 cores per cpu, 1 threads per core) family 6 model 158 stepping 9, cmov, cx8, fxsr, mmx, sse, sse2, sse3, ssse3, sse4.1, sse4.2, popcnt, avx, avx2, aes, clmul, erms, 3dnowpref, lzcnt, tsc, tscinvbit, bmi1, bmi2, adx, fma
CPU Model and flags from /proc/cpuinfo:
model name	: Intel(R) Core(TM) i5-7400 CPU @ 3.00GHz
flags		: fpu vme de pse tsc msr pae mce cx8 apic sep mtrr pge mca cmov pat pse36 clflush dts acpi mmx fxsr sse sse2 ss ht tm pbe syscall nx pdpe1gb rdtscp lm constant_tsc art arch_perfmon pebs bts rep_good nopl xtopology nonstop_tsc cpuid aperfmperf tsc_known_freq pni pclmulqdq dtes64 monitor ds_cpl vmx est tm2 ssse3 sdbg fma cx16 xtpr pdcm pcid sse4_1 sse4_2 x2apic movbe popcnt tsc_deadline_timer aes xsave avx f16c rdrand lahf_lm abm 3dnowprefetch cpuid_fault invpcid_single pti ssbd ibrs ibpb stibp tpr_shadow vnmi flexpriority ept vpid fsgsbase tsc_adjust bmi1 avx2 smep bmi2 erms invpcid mpx rdseed adx smap clflushopt intel_pt xsaveopt xsavec xgetbv1 xsaves dtherm ida arat pln pts hwp hwp_notify hwp_act_window hwp_epp md_clear flush_l1d

Memory: 4k page, physical 8052724k(152076k free), swap 2097148k(2097148k free)

vm_info: OpenJDK 64-Bit Server VM (11.0.4+11-post-Ubuntu-1ubuntu218.04.3) for linux-amd64 JRE (11.0.4+11-post-Ubuntu-1ubuntu218.04.3), built on Jul 18 2019 18:21:46 by "buildd" with gcc 7.4.0

END.
