#
# A fatal error has been detected by the Java Runtime Environment:
#
#  SIGSEGV (0xb) at pc=0x00007ff2f189f525, pid=15501, tid=15508
#
# JRE version: OpenJDK Runtime Environment (11.0.4+11) (build 11.0.4+11-post-Ubuntu-1ubuntu218.04.3)
# Java VM: OpenJDK 64-Bit Server VM (11.0.4+11-post-Ubuntu-1ubuntu218.04.3, mixed mode, sharing, tiered, compressed oops, g1 gc, linux-amd64)
# Problematic frame:
# V  [libjvm.so+0x770525]
#
# Core dump will be written. Default location: Core dumps may be processed with "/usr/share/apport/apport %p %s %c %d %P" (or dumping to /home/admin1/Documents/workspace-spring-tool-suite-4-4.4.0.RELEASE/DependencyInjection/core.15501)
#
# If you would like to submit a bug report, please visit:
#   https://bugs.launchpad.net/ubuntu/+source/openjdk-lts
#

---------------  S U M M A R Y ------------

Command Line: -Dfile.encoding=UTF-8 com.bridgelabz.DependencyInjection.App

Host: Intel(R) Core(TM) i5-7400 CPU @ 3.00GHz, 4 cores, 7G, Ubuntu 18.04.2 LTS
Time: Tue Oct  1 14:27:23 2019 IST elapsed time: 0 seconds (0d 0h 0m 0s)

---------------  T H R E A D  ---------------

Current thread (0x00007ff2ec028000):  GCTaskThread "GC Thread#0" [stack: 0x00007ff2d3b1b000,0x00007ff2d3c1b000] [id=15508]

Stack: [0x00007ff2d3b1b000,0x00007ff2d3c1b000],  sp=0x00007ff2d3c199a0,  free space=1018k
Native frames: (J=compiled Java code, A=aot compiled Java code, j=interpreted, Vv=VM code, C=native code)
V  [libjvm.so+0x770525]
V  [libjvm.so+0x76dd18]
V  [libjvm.so+0x599f0a]
V  [libjvm.so+0x76d3f5]
V  [libjvm.so+0x59c699]
V  [libjvm.so+0x78b9e5]
V  [libjvm.so+0x78c0d8]
V  [libjvm.so+0x73849c]
V  [libjvm.so+0xe0f16d]
V  [libjvm.so+0xd7aeea]
V  [libjvm.so+0xbc4a5e]


siginfo: si_signo: 11 (SIGSEGV), si_code: 1 (SEGV_MAPERR), si_addr: 0x0000000c5f81fe60

Register to memory mapping:

RAX=0x0000000000000001 is an unknown value
RBX=0x000000008cc2da28 points into unknown readable memory: 8a e0 84 58 00 00 00 00
RCX=0x0000000000000003 is an unknown value
RDX=0x00007ff2f24d7550: <offset 0x00000000013a8550> in /usr/lib/jvm/java-11-openjdk-amd64/lib/server/libjvm.so at 0x00007ff2f112f000
RSP=0x00007ff2d3c199a0 points into unknown readable memory: 10 9a c1 d3 f2 7f 00 00
RBP=0x00007ff2d3c19a20 points into unknown readable memory: c0 9a c1 d3 f2 7f 00 00
RSI=0x0000000000000001 is an unknown value
RDI=0x0000000c5f81fe58 is an unknown value
R8 =0x0 is NULL
R9 =0x0 is NULL
R10=0x0000000000000002 is an unknown value
R11=0x0 is NULL
R12=0x00007ff2cc000b90 points into unknown readable memory: 30 5d 40 f2 f2 7f 00 00
R13=0x0000000000000040 is an unknown value
R14=0x00007ff2cc000b90 points into unknown readable memory: 30 5d 40 f2 f2 7f 00 00
R15=0x000000008bfdc0a4 points into unknown readable memory: 28 da c2 8c


Registers:
RAX=0x0000000000000001, RBX=0x000000008cc2da28, RCX=0x0000000000000003, RDX=0x00007ff2f24d7550
RSP=0x00007ff2d3c199a0, RBP=0x00007ff2d3c19a20, RSI=0x0000000000000001, RDI=0x0000000c5f81fe58
R8 =0x0000000000000000, R9 =0x0000000000000000, R10=0x0000000000000002, R11=0x0000000000000000
R12=0x00007ff2cc000b90, R13=0x0000000000000040, R14=0x00007ff2cc000b90, R15=0x000000008bfdc0a4
RIP=0x00007ff2f189f525, EFLAGS=0x0000000000010202, CSGSFS=0x002b000000000033, ERR=0x0000000000000004
  TRAPNO=0x000000000000000e

Top of Stack: (sp=0x00007ff2d3c199a0)
0x00007ff2d3c199a0:   00007ff2d3c19a10 00007ff2f2cb6ea6
0x00007ff2d3c199b0:   00007ff200000001 00007ff200000000
0x00007ff2d3c199c0:   0000000000000004 00000008f1cea9ef
0x00007ff2d3c199d0:   000000005884e08a 000000000932b501 

Instructions: (pc=0x00007ff2f189f525)
0x00007ff2f189f425:   00 01 49 c7 85 30 01 00 00 00 00 00 00 74 43 4d
0x00007ff2f189f435:   8b 4d 10 49 8b 4d 08 49 8d bd 04 01 00 00 4d 8b
0x00007ff2f189f445:   7d 50 4c 89 4d c0 48 89 4d c8 e8 ec bb 08 00 4c
0x00007ff2f189f455:   8b 4d c0 48 8b 4d c8 48 8d 35 9e e2 72 00 48 8d
0x00007ff2f189f465:   3d 16 88 72 00 48 89 c2 4d 89 f8 31 c0 e8 d9 9a
0x00007ff2f189f475:   fa ff 49 8b 7c 24 08 41 8b b4 24 9c 01 00 00 4c
0x00007ff2f189f485:   89 f1 48 89 da e8 21 b2 fb ff 48 8d 05 36 49 c6
0x00007ff2f189f495:   00 4d 89 ac 24 90 01 00 00 49 8d bc 24 70 01 00
0x00007ff2f189f4a5:   00 80 38 00 75 2d 48 8b 53 08 48 63 4a 0c 48 8d
0x00007ff2f189f4b5:   05 c6 3a c6 00 48 89 de ff 14 c8 48 83 c4 18 48
0x00007ff2f189f4c5:   89 d8 5b 41 5c 41 5d 41 5e 41 5f 5d c3 66 0f 1f
0x00007ff2f189f4d5:   44 00 00 48 8d 05 71 80 c3 00 8b 53 08 8b 48 08
0x00007ff2f189f4e5:   48 d3 e2 48 03 10 eb c2 90 66 90 55 48 89 e5 41
0x00007ff2f189f4f5:   57 41 56 41 55 41 54 49 89 fe 53 48 89 d3 48 83
0x00007ff2f189f505:   ec 58 48 8d 05 be 48 c6 00 40 88 75 b8 48 89 4d
0x00007ff2f189f515:   b0 0f b6 00 84 c0 0f 85 7f 01 00 00 48 8b 7a 08
0x00007ff2f189f525:   44 8b 6f 08 41 83 fd 00 0f 8e 4d 01 00 00 41 f6
0x00007ff2f189f535:   c5 01 0f 85 49 01 00 00 41 c1 fd 03 49 8b 46 08
0x00007ff2f189f545:   48 89 da 45 31 db 4d 63 d5 8b 88 c0 02 00 00 48
0x00007ff2f189f555:   8b 80 b0 02 00 00 48 d3 ea 80 7d b8 01 48 8b 04
0x00007ff2f189f565:   d0 8b 80 40 01 00 00 89 45 ac 0f 84 b3 02 00 00
0x00007ff2f189f575:   48 0f be 45 b8 41 80 be c8 01 00 00 00 45 0f b6
0x00007ff2f189f585:   bc 06 68 01 00 00 74 0a 41 80 ff 02 0f 84 41 05
0x00007ff2f189f595:   00 00 41 80 ff 01 45 0f be c7 40 0f 95 c6 49 8b
0x00007ff2f189f5a5:   7e 60 49 63 c0 8b 8f 28 01 00 00 48 8b 84 c7 10
0x00007ff2f189f5b5:   01 00 00 85 c9 48 8b 50 38 4c 8b 60 30 74 09 40
0x00007ff2f189f5c5:   84 f6 0f 84 63 05 00 00 4c 29 e2 48 c1 ea 03 49
0x00007ff2f189f5d5:   39 d2 0f 87 7f 03 00 00 4b 8d 14 d4 4d 85 e4 48
0x00007ff2f189f5e5:   89 50 30 0f 84 6a 03 00 00 48 8d 05 7b d7 c1 00
0x00007ff2f189f5f5:   48 8b 00 41 0f 18 0c 04 4c 89 e1 48 8b 13 48 83
0x00007ff2f189f605:   c9 03 eb 1b 0f 1f 80 00 00 00 00 48 89 d0 f0 48
0x00007ff2f189f615:   0f b1 0b 48 39 c2 0f 84 9f 00 00 00 48 89 c2 48 


Stack slot to memory mapping:
stack at sp + 0 slots: 0x00007ff2d3c19a10 points into unknown readable memory: 00 00 00 00 00 00 00 00
stack at sp + 1 slots: 0x00007ff2f2cb6ea6: __clock_gettime+0x0000000000000026 in /lib/x86_64-linux-gnu/libc.so.6 at 0x00007ff2f2b86000
stack at sp + 2 slots: 0x00007ff200000001 is an unknown value
stack at sp + 3 slots: 0x00007ff200000000 is an unknown value
stack at sp + 4 slots: 0x0000000000000004 is an unknown value
stack at sp + 5 slots: 0x00000008f1cea9ef is an unknown value
stack at sp + 6 slots: 0x000000005884e08a is an unknown value
stack at sp + 7 slots: 0x000000000932b501 is an unknown value


---------------  P R O C E S S  ---------------

Threads class SMR info:
_java_thread_list=0x00007ff2ec430980, length=10, elements={
0x00007ff2ec108000, 0x00007ff2ec10a000, 0x00007ff2ec10f800, 0x00007ff2ec111800,
0x00007ff2ec114000, 0x00007ff2ec116000, 0x00007ff2ec14d000, 0x00007ff2ec155800,
0x00007ff2ec012000, 0x00007ff2ec414000
}

Java Threads: ( => current thread )
  0x00007ff2ec108000 JavaThread "Reference Handler" daemon [_thread_blocked, id=15514, stack(0x00007ff2d0248000,0x00007ff2d0349000)]
  0x00007ff2ec10a000 JavaThread "Finalizer" daemon [_thread_blocked, id=15515, stack(0x00007ff2d0147000,0x00007ff2d0248000)]
  0x00007ff2ec10f800 JavaThread "Signal Dispatcher" daemon [_thread_blocked, id=15516, stack(0x00007ff2d0046000,0x00007ff2d0147000)]
  0x00007ff2ec111800 JavaThread "C2 CompilerThread0" daemon [_thread_blocked, id=15517, stack(0x00007ff2c8047000,0x00007ff2c8148000)]
  0x00007ff2ec114000 JavaThread "C1 CompilerThread0" daemon [_thread_blocked, id=15518, stack(0x00007ff2bad30000,0x00007ff2bae31000)]
  0x00007ff2ec116000 JavaThread "Sweeper thread" daemon [_thread_blocked, id=15519, stack(0x00007ff2bac2f000,0x00007ff2bad30000)]
  0x00007ff2ec14d000 JavaThread "Service Thread" daemon [_thread_blocked, id=15520, stack(0x00007ff2bab2e000,0x00007ff2bac2f000)]
  0x00007ff2ec155800 JavaThread "Common-Cleaner" daemon [_thread_blocked, id=15522, stack(0x00007ff2ba92b000,0x00007ff2baa2c000)]
  0x00007ff2ec012000 JavaThread "DestroyJavaVM" [_thread_blocked, id=15507, stack(0x00007ff2f3295000,0x00007ff2f3396000)]
  0x00007ff2ec414000 JavaThread "Logging-Cleaner" [_thread_blocked, id=15523, stack(0x00007ff2ba402000,0x00007ff2ba503000)]

Other Threads:
  0x00007ff2ec105800 VMThread "VM Thread" [stack: 0x00007ff2d034b000,0x00007ff2d044b000] [id=15513]
  0x00007ff2ec14f800 WatcherThread [stack: 0x00007ff2baa2e000,0x00007ff2bab2e000] [id=15521]
=>0x00007ff2ec028000 GCTaskThread "GC Thread#0" [stack: 0x00007ff2d3b1b000,0x00007ff2d3c1b000] [id=15508]
  0x00007ff2b0001000 GCTaskThread "GC Thread#1" [stack: 0x00007ff2ba302000,0x00007ff2ba402000] [id=15524]
  0x00007ff2b0002800 GCTaskThread "GC Thread#2" [stack: 0x00007ff2ba200000,0x00007ff2ba300000] [id=15525]
  0x00007ff2b0004000 GCTaskThread "GC Thread#3" [stack: 0x00007ff2ba0fe000,0x00007ff2ba1fe000] [id=15526]
  0x00007ff2ec059000 ConcurrentGCThread "G1 Main Marker" [stack: 0x00007ff2d0bd8000,0x00007ff2d0cd8000] [id=15509]
  0x00007ff2ec05b000 ConcurrentGCThread "G1 Conc#0" [stack: 0x00007ff2d0ad6000,0x00007ff2d0bd6000] [id=15510]
  0x00007ff2ec0d3000 ConcurrentGCThread "G1 Refine#0" [stack: 0x00007ff2d05d0000,0x00007ff2d06d0000] [id=15511]
  0x00007ff2ec0d5000 ConcurrentGCThread "G1 Young RemSet Sampling" [stack: 0x00007ff2d04ce000,0x00007ff2d05ce000] [id=15512]

Threads with active compile tasks:

VM state:at safepoint (normal execution)

VM Mutex/Monitor currently owned by a thread:  ([mutex/lock_event])
[0x00007ff2ec00e100] Threads_lock - owner thread: 0x00007ff2ec105800
[0x00007ff2ec00e850] Heap_lock - owner thread: 0x00007ff2ec414000

Heap address: 0x0000000085200000, size: 1966 MB, Compressed Oops mode: 32-bit
Narrow klass base: 0x0000000800000000, Narrow klass shift: 3
Compressed class space size: 1073741824 Address: 0x0000000840000000

Heap:
 garbage-first heap   total 129024K, used 14968K [0x0000000085200000, 0x0000000100000000)
  region size 1024K, 16 young (16384K), 2 survivors (2048K)
 Metaspace       used 7602K, capacity 7846K, committed 7936K, reserved 1056768K
  class space    used 882K, capacity 960K, committed 1024K, reserved 1048576K
Heap Regions: E=young(eden), S=young(survivor), O=old, HS=humongous(starts), HC=humongous(continues), CS=collection set, F=free, A=archive, TAMS=top-at-mark-start (previous, next)
|   0|0x0000000085200000, 0x0000000085200000, 0x0000000085300000|  0%| F|  |TAMS 0x0000000085200000, 0x0000000085200000| Untracked 
|   1|0x0000000085300000, 0x0000000085300000, 0x0000000085400000|  0%| F|  |TAMS 0x0000000085300000, 0x0000000085300000| Untracked 
|   2|0x0000000085400000, 0x0000000085400000, 0x0000000085500000|  0%| F|  |TAMS 0x0000000085400000, 0x0000000085400000| Untracked 
|   3|0x0000000085500000, 0x0000000085500000, 0x0000000085600000|  0%| F|  |TAMS 0x0000000085500000, 0x0000000085500000| Untracked 
|   4|0x0000000085600000, 0x0000000085600000, 0x0000000085700000|  0%| F|  |TAMS 0x0000000085600000, 0x0000000085600000| Untracked 
|   5|0x0000000085700000, 0x0000000085700000, 0x0000000085800000|  0%| F|  |TAMS 0x0000000085700000, 0x0000000085700000| Untracked 
|   6|0x0000000085800000, 0x0000000085800000, 0x0000000085900000|  0%| F|  |TAMS 0x0000000085800000, 0x0000000085800000| Untracked 
|   7|0x0000000085900000, 0x0000000085900000, 0x0000000085a00000|  0%| F|  |TAMS 0x0000000085900000, 0x0000000085900000| Untracked 
|   8|0x0000000085a00000, 0x0000000085a00000, 0x0000000085b00000|  0%| F|  |TAMS 0x0000000085a00000, 0x0000000085a00000| Untracked 
|   9|0x0000000085b00000, 0x0000000085b00000, 0x0000000085c00000|  0%| F|  |TAMS 0x0000000085b00000, 0x0000000085b00000| Untracked 
|  10|0x0000000085c00000, 0x0000000085c00000, 0x0000000085d00000|  0%| F|  |TAMS 0x0000000085c00000, 0x0000000085c00000| Untracked 
|  11|0x0000000085d00000, 0x0000000085d00000, 0x0000000085e00000|  0%| F|  |TAMS 0x0000000085d00000, 0x0000000085d00000| Untracked 
|  12|0x0000000085e00000, 0x0000000085e00000, 0x0000000085f00000|  0%| F|  |TAMS 0x0000000085e00000, 0x0000000085e00000| Untracked 
|  13|0x0000000085f00000, 0x0000000085f00000, 0x0000000086000000|  0%| F|  |TAMS 0x0000000085f00000, 0x0000000085f00000| Untracked 
|  14|0x0000000086000000, 0x0000000086000000, 0x0000000086100000|  0%| F|  |TAMS 0x0000000086000000, 0x0000000086000000| Untracked 
|  15|0x0000000086100000, 0x0000000086100000, 0x0000000086200000|  0%| F|  |TAMS 0x0000000086100000, 0x0000000086100000| Untracked 
|  16|0x0000000086200000, 0x0000000086200000, 0x0000000086300000|  0%| F|  |TAMS 0x0000000086200000, 0x0000000086200000| Untracked 
|  17|0x0000000086300000, 0x0000000086300000, 0x0000000086400000|  0%| F|  |TAMS 0x0000000086300000, 0x0000000086300000| Untracked 
|  18|0x0000000086400000, 0x0000000086400000, 0x0000000086500000|  0%| F|  |TAMS 0x0000000086400000, 0x0000000086400000| Untracked 
|  19|0x0000000086500000, 0x0000000086500000, 0x0000000086600000|  0%| F|  |TAMS 0x0000000086500000, 0x0000000086500000| Untracked 
|  20|0x0000000086600000, 0x0000000086600000, 0x0000000086700000|  0%| F|  |TAMS 0x0000000086600000, 0x0000000086600000| Untracked 
|  21|0x0000000086700000, 0x0000000086700000, 0x0000000086800000|  0%| F|  |TAMS 0x0000000086700000, 0x0000000086700000| Untracked 
|  22|0x0000000086800000, 0x0000000086800000, 0x0000000086900000|  0%| F|  |TAMS 0x0000000086800000, 0x0000000086800000| Untracked 
|  23|0x0000000086900000, 0x0000000086900000, 0x0000000086a00000|  0%| F|  |TAMS 0x0000000086900000, 0x0000000086900000| Untracked 
|  24|0x0000000086a00000, 0x0000000086a00000, 0x0000000086b00000|  0%| F|  |TAMS 0x0000000086a00000, 0x0000000086a00000| Untracked 
|  25|0x0000000086b00000, 0x0000000086b00000, 0x0000000086c00000|  0%| F|  |TAMS 0x0000000086b00000, 0x0000000086b00000| Untracked 
|  26|0x0000000086c00000, 0x0000000086c00000, 0x0000000086d00000|  0%| F|  |TAMS 0x0000000086c00000, 0x0000000086c00000| Untracked 
|  27|0x0000000086d00000, 0x0000000086d00000, 0x0000000086e00000|  0%| F|  |TAMS 0x0000000086d00000, 0x0000000086d00000| Untracked 
|  28|0x0000000086e00000, 0x0000000086e00000, 0x0000000086f00000|  0%| F|  |TAMS 0x0000000086e00000, 0x0000000086e00000| Untracked 
|  29|0x0000000086f00000, 0x0000000086f00000, 0x0000000087000000|  0%| F|  |TAMS 0x0000000086f00000, 0x0000000086f00000| Untracked 
|  30|0x0000000087000000, 0x0000000087000000, 0x0000000087100000|  0%| F|  |TAMS 0x0000000087000000, 0x0000000087000000| Untracked 
|  31|0x0000000087100000, 0x0000000087100000, 0x0000000087200000|  0%| F|  |TAMS 0x0000000087100000, 0x0000000087100000| Untracked 
|  32|0x0000000087200000, 0x0000000087200000, 0x0000000087300000|  0%| F|  |TAMS 0x0000000087200000, 0x0000000087200000| Untracked 
|  33|0x0000000087300000, 0x0000000087300000, 0x0000000087400000|  0%| F|  |TAMS 0x0000000087300000, 0x0000000087300000| Untracked 
|  34|0x0000000087400000, 0x0000000087400000, 0x0000000087500000|  0%| F|  |TAMS 0x0000000087400000, 0x0000000087400000| Untracked 
|  35|0x0000000087500000, 0x0000000087500000, 0x0000000087600000|  0%| F|  |TAMS 0x0000000087500000, 0x0000000087500000| Untracked 
|  36|0x0000000087600000, 0x0000000087600000, 0x0000000087700000|  0%| F|  |TAMS 0x0000000087600000, 0x0000000087600000| Untracked 
|  37|0x0000000087700000, 0x0000000087700000, 0x0000000087800000|  0%| F|  |TAMS 0x0000000087700000, 0x0000000087700000| Untracked 
|  38|0x0000000087800000, 0x0000000087800000, 0x0000000087900000|  0%| F|  |TAMS 0x0000000087800000, 0x0000000087800000| Untracked 
|  39|0x0000000087900000, 0x0000000087900000, 0x0000000087a00000|  0%| F|  |TAMS 0x0000000087900000, 0x0000000087900000| Untracked 
|  40|0x0000000087a00000, 0x0000000087a00000, 0x0000000087b00000|  0%| F|  |TAMS 0x0000000087a00000, 0x0000000087a00000| Untracked 
|  41|0x0000000087b00000, 0x0000000087b00000, 0x0000000087c00000|  0%| F|  |TAMS 0x0000000087b00000, 0x0000000087b00000| Untracked 
|  42|0x0000000087c00000, 0x0000000087c00000, 0x0000000087d00000|  0%| F|  |TAMS 0x0000000087c00000, 0x0000000087c00000| Untracked 
|  43|0x0000000087d00000, 0x0000000087d00000, 0x0000000087e00000|  0%| F|  |TAMS 0x0000000087d00000, 0x0000000087d00000| Untracked 
|  44|0x0000000087e00000, 0x0000000087e00000, 0x0000000087f00000|  0%| F|  |TAMS 0x0000000087e00000, 0x0000000087e00000| Untracked 
|  45|0x0000000087f00000, 0x0000000087f00000, 0x0000000088000000|  0%| F|  |TAMS 0x0000000087f00000, 0x0000000087f00000| Untracked 
|  46|0x0000000088000000, 0x0000000088000000, 0x0000000088100000|  0%| F|  |TAMS 0x0000000088000000, 0x0000000088000000| Untracked 
|  47|0x0000000088100000, 0x0000000088100000, 0x0000000088200000|  0%| F|  |TAMS 0x0000000088100000, 0x0000000088100000| Untracked 
|  48|0x0000000088200000, 0x0000000088200000, 0x0000000088300000|  0%| F|  |TAMS 0x0000000088200000, 0x0000000088200000| Untracked 
|  49|0x0000000088300000, 0x0000000088300000, 0x0000000088400000|  0%| F|  |TAMS 0x0000000088300000, 0x0000000088300000| Untracked 
|  50|0x0000000088400000, 0x0000000088400000, 0x0000000088500000|  0%| F|  |TAMS 0x0000000088400000, 0x0000000088400000| Untracked 
|  51|0x0000000088500000, 0x0000000088500000, 0x0000000088600000|  0%| F|  |TAMS 0x0000000088500000, 0x0000000088500000| Untracked 
|  52|0x0000000088600000, 0x0000000088600000, 0x0000000088700000|  0%| F|  |TAMS 0x0000000088600000, 0x0000000088600000| Untracked 
|  53|0x0000000088700000, 0x0000000088700000, 0x0000000088800000|  0%| F|  |TAMS 0x0000000088700000, 0x0000000088700000| Untracked 
|  54|0x0000000088800000, 0x0000000088800000, 0x0000000088900000|  0%| F|  |TAMS 0x0000000088800000, 0x0000000088800000| Untracked 
|  55|0x0000000088900000, 0x0000000088900000, 0x0000000088a00000|  0%| F|  |TAMS 0x0000000088900000, 0x0000000088900000| Untracked 
|  56|0x0000000088a00000, 0x0000000088a00000, 0x0000000088b00000|  0%| F|  |TAMS 0x0000000088a00000, 0x0000000088a00000| Untracked 
|  57|0x0000000088b00000, 0x0000000088b00000, 0x0000000088c00000|  0%| F|  |TAMS 0x0000000088b00000, 0x0000000088b00000| Untracked 
|  58|0x0000000088c00000, 0x0000000088c00000, 0x0000000088d00000|  0%| F|  |TAMS 0x0000000088c00000, 0x0000000088c00000| Untracked 
|  59|0x0000000088d00000, 0x0000000088d00000, 0x0000000088e00000|  0%| F|  |TAMS 0x0000000088d00000, 0x0000000088d00000| Untracked 
|  60|0x0000000088e00000, 0x0000000088e00000, 0x0000000088f00000|  0%| F|  |TAMS 0x0000000088e00000, 0x0000000088e00000| Untracked 
|  61|0x0000000088f00000, 0x0000000088f00000, 0x0000000089000000|  0%| F|  |TAMS 0x0000000088f00000, 0x0000000088f00000| Untracked 
|  62|0x0000000089000000, 0x0000000089000000, 0x0000000089100000|  0%| F|  |TAMS 0x0000000089000000, 0x0000000089000000| Untracked 
|  63|0x0000000089100000, 0x0000000089100000, 0x0000000089200000|  0%| F|  |TAMS 0x0000000089100000, 0x0000000089100000| Untracked 
|  64|0x0000000089200000, 0x0000000089200000, 0x0000000089300000|  0%| F|  |TAMS 0x0000000089200000, 0x0000000089200000| Untracked 
|  65|0x0000000089300000, 0x0000000089300000, 0x0000000089400000|  0%| F|  |TAMS 0x0000000089300000, 0x0000000089300000| Untracked 
|  66|0x0000000089400000, 0x0000000089400000, 0x0000000089500000|  0%| F|  |TAMS 0x0000000089400000, 0x0000000089400000| Untracked 
|  67|0x0000000089500000, 0x0000000089500000, 0x0000000089600000|  0%| F|  |TAMS 0x0000000089500000, 0x0000000089500000| Untracked 
|  68|0x0000000089600000, 0x0000000089600000, 0x0000000089700000|  0%| F|  |TAMS 0x0000000089600000, 0x0000000089600000| Untracked 
|  69|0x0000000089700000, 0x0000000089700000, 0x0000000089800000|  0%| F|  |TAMS 0x0000000089700000, 0x0000000089700000| Untracked 
|  70|0x0000000089800000, 0x0000000089800000, 0x0000000089900000|  0%| F|  |TAMS 0x0000000089800000, 0x0000000089800000| Untracked 
|  71|0x0000000089900000, 0x0000000089900000, 0x0000000089a00000|  0%| F|  |TAMS 0x0000000089900000, 0x0000000089900000| Untracked 
|  72|0x0000000089a00000, 0x0000000089a00000, 0x0000000089b00000|  0%| F|  |TAMS 0x0000000089a00000, 0x0000000089a00000| Untracked 
|  73|0x0000000089b00000, 0x0000000089b00000, 0x0000000089c00000|  0%| F|  |TAMS 0x0000000089b00000, 0x0000000089b00000| Untracked 
|  74|0x0000000089c00000, 0x0000000089c00000, 0x0000000089d00000|  0%| F|  |TAMS 0x0000000089c00000, 0x0000000089c00000| Untracked 
|  75|0x0000000089d00000, 0x0000000089d00000, 0x0000000089e00000|  0%| F|  |TAMS 0x0000000089d00000, 0x0000000089d00000| Untracked 
|  76|0x0000000089e00000, 0x0000000089e00000, 0x0000000089f00000|  0%| F|  |TAMS 0x0000000089e00000, 0x0000000089e00000| Untracked 
|  77|0x0000000089f00000, 0x0000000089f00000, 0x000000008a000000|  0%| F|  |TAMS 0x0000000089f00000, 0x0000000089f00000| Untracked 
|  78|0x000000008a000000, 0x000000008a000000, 0x000000008a100000|  0%| F|  |TAMS 0x000000008a000000, 0x000000008a000000| Untracked 
|  79|0x000000008a100000, 0x000000008a100000, 0x000000008a200000|  0%| F|  |TAMS 0x000000008a100000, 0x000000008a100000| Untracked 
|  80|0x000000008a200000, 0x000000008a200000, 0x000000008a300000|  0%| F|  |TAMS 0x000000008a200000, 0x000000008a200000| Untracked 
|  81|0x000000008a300000, 0x000000008a300000, 0x000000008a400000|  0%| F|  |TAMS 0x000000008a300000, 0x000000008a300000| Untracked 
|  82|0x000000008a400000, 0x000000008a400000, 0x000000008a500000|  0%| F|  |TAMS 0x000000008a400000, 0x000000008a400000| Untracked 
|  83|0x000000008a500000, 0x000000008a500000, 0x000000008a600000|  0%| F|  |TAMS 0x000000008a500000, 0x000000008a500000| Untracked 
|  84|0x000000008a600000, 0x000000008a600000, 0x000000008a700000|  0%| F|  |TAMS 0x000000008a600000, 0x000000008a600000| Untracked 
|  85|0x000000008a700000, 0x000000008a700000, 0x000000008a800000|  0%| F|  |TAMS 0x000000008a700000, 0x000000008a700000| Untracked 
|  86|0x000000008a800000, 0x000000008a800000, 0x000000008a900000|  0%| F|  |TAMS 0x000000008a800000, 0x000000008a800000| Untracked 
|  87|0x000000008a900000, 0x000000008a900000, 0x000000008aa00000|  0%| F|  |TAMS 0x000000008a900000, 0x000000008a900000| Untracked 
|  88|0x000000008aa00000, 0x000000008aa00000, 0x000000008ab00000|  0%| F|  |TAMS 0x000000008aa00000, 0x000000008aa00000| Untracked 
|  89|0x000000008ab00000, 0x000000008ab00000, 0x000000008ac00000|  0%| F|  |TAMS 0x000000008ab00000, 0x000000008ab00000| Untracked 
|  90|0x000000008ac00000, 0x000000008ac00000, 0x000000008ad00000|  0%| F|  |TAMS 0x000000008ac00000, 0x000000008ac00000| Untracked 
|  91|0x000000008ad00000, 0x000000008ad00000, 0x000000008ae00000|  0%| F|  |TAMS 0x000000008ad00000, 0x000000008ad00000| Untracked 
|  92|0x000000008ae00000, 0x000000008ae00000, 0x000000008af00000|  0%| F|  |TAMS 0x000000008ae00000, 0x000000008ae00000| Untracked 
|  93|0x000000008af00000, 0x000000008af00000, 0x000000008b000000|  0%| F|  |TAMS 0x000000008af00000, 0x000000008af00000| Untracked 
|  94|0x000000008b000000, 0x000000008b000000, 0x000000008b100000|  0%| F|  |TAMS 0x000000008b000000, 0x000000008b000000| Untracked 
|  95|0x000000008b100000, 0x000000008b100000, 0x000000008b200000|  0%| F|  |TAMS 0x000000008b100000, 0x000000008b100000| Untracked 
|  96|0x000000008b200000, 0x000000008b200000, 0x000000008b300000|  0%| F|  |TAMS 0x000000008b200000, 0x000000008b200000| Untracked 
|  97|0x000000008b300000, 0x000000008b300000, 0x000000008b400000|  0%| F|  |TAMS 0x000000008b300000, 0x000000008b300000| Untracked 
|  98|0x000000008b400000, 0x000000008b400000, 0x000000008b500000|  0%| F|  |TAMS 0x000000008b400000, 0x000000008b400000| Untracked 
|  99|0x000000008b500000, 0x000000008b500000, 0x000000008b600000|  0%| F|  |TAMS 0x000000008b500000, 0x000000008b500000| Untracked 
| 100|0x000000008b600000, 0x000000008b600000, 0x000000008b700000|  0%| F|  |TAMS 0x000000008b600000, 0x000000008b600000| Untracked 
| 101|0x000000008b700000, 0x000000008b700000, 0x000000008b800000|  0%| F|  |TAMS 0x000000008b700000, 0x000000008b700000| Untracked 
| 102|0x000000008b800000, 0x000000008b800000, 0x000000008b900000|  0%| F|  |TAMS 0x000000008b800000, 0x000000008b800000| Untracked 
| 103|0x000000008b900000, 0x000000008b900000, 0x000000008ba00000|  0%| F|  |TAMS 0x000000008b900000, 0x000000008b900000| Untracked 
| 104|0x000000008ba00000, 0x000000008ba00000, 0x000000008bb00000|  0%| F|  |TAMS 0x000000008ba00000, 0x000000008ba00000| Untracked 
| 105|0x000000008bb00000, 0x000000008bb00000, 0x000000008bc00000|  0%| F|  |TAMS 0x000000008bb00000, 0x000000008bb00000| Untracked 
| 106|0x000000008bc00000, 0x000000008bc00000, 0x000000008bd00000|  0%| F|  |TAMS 0x000000008bc00000, 0x000000008bc00000| Untracked 
| 107|0x000000008bd00000, 0x000000008bd00000, 0x000000008be00000|  0%| F|  |TAMS 0x000000008bd00000, 0x000000008bd00000| Untracked 
| 108|0x000000008be00000, 0x000000008bea9288, 0x000000008bf00000| 66%| S|  |TAMS 0x000000008be00000, 0x000000008be00000| Complete 
| 109|0x000000008bf00000, 0x000000008c000000, 0x000000008c000000|100%| S|  |TAMS 0x000000008bf00000, 0x000000008bf00000| Complete 
| 110|0x000000008c000000, 0x000000008c100000, 0x000000008c100000|100%| E|CS|TAMS 0x000000008c000000, 0x000000008c000000| Complete 
| 111|0x000000008c100000, 0x000000008c200000, 0x000000008c200000|100%| E|CS|TAMS 0x000000008c100000, 0x000000008c100000| Complete 
| 112|0x000000008c200000, 0x000000008c300000, 0x000000008c300000|100%| E|CS|TAMS 0x000000008c200000, 0x000000008c200000| Complete 
| 113|0x000000008c300000, 0x000000008c400000, 0x000000008c400000|100%| E|CS|TAMS 0x000000008c300000, 0x000000008c300000| Complete 
| 114|0x000000008c400000, 0x000000008c500000, 0x000000008c500000|100%| E|CS|TAMS 0x000000008c400000, 0x000000008c400000| Complete 
| 115|0x000000008c500000, 0x000000008c600000, 0x000000008c600000|100%| E|CS|TAMS 0x000000008c500000, 0x000000008c500000| Complete 
| 116|0x000000008c600000, 0x000000008c700000, 0x000000008c700000|100%| E|CS|TAMS 0x000000008c600000, 0x000000008c600000| Complete 
| 117|0x000000008c700000, 0x000000008c800000, 0x000000008c800000|100%| E|CS|TAMS 0x000000008c700000, 0x000000008c700000| Complete 
| 118|0x000000008c800000, 0x000000008c900000, 0x000000008c900000|100%| E|CS|TAMS 0x000000008c800000, 0x000000008c800000| Complete 
| 119|0x000000008c900000, 0x000000008ca00000, 0x000000008ca00000|100%| E|CS|TAMS 0x000000008c900000, 0x000000008c900000| Complete 
| 120|0x000000008ca00000, 0x000000008cb00000, 0x000000008cb00000|100%| E|CS|TAMS 0x000000008ca00000, 0x000000008ca00000| Complete 
| 121|0x000000008cb00000, 0x000000008cc00000, 0x000000008cc00000|100%| E|CS|TAMS 0x000000008cb00000, 0x000000008cb00000| Complete 
| 122|0x000000008cc00000, 0x000000008cd00000, 0x000000008cd00000|100%| E|CS|TAMS 0x000000008cc00000, 0x000000008cc00000| Complete 
| 123|0x000000008cd00000, 0x000000008ce00000, 0x000000008ce00000|100%| E|CS|TAMS 0x000000008cd00000, 0x000000008cd00000| Complete 
|1964|0x00000000ffe00000, 0x00000000ffe34000, 0x00000000fff00000| 20%|OA|  |TAMS 0x00000000ffe00000, 0x00000000ffe00000| Untracked 
|1965|0x00000000fff00000, 0x00000000fff6a000, 0x0000000100000000| 41%|CA|  |TAMS 0x00000000fff00000, 0x00000000fff00000| Untracked 

Card table byte_map: [0x00007ff2d2f67000,0x00007ff2d333e000] _byte_map_base: 0x00007ff2d2b3e000

Marking Bits (Prev, Next): (CMBitMap*) 0x00007ff2ec0508a8, (CMBitMap*) 0x00007ff2ec0508e0
 Prev Bits: [0x00007ff2d0cd8000, 0x00007ff2d2b90000)
 Next Bits: [0x00007ff2ca148000, 0x00007ff2cc000000)

Polling page: 0x00007ff2f33ab000

Metaspace:

Usage:
  Non-class:      6.72 MB capacity,     6.56 MB ( 98%) used,   147.04 KB (  2%) free+waste,    18.81 KB ( <1%) overhead. 
      Class:    960.00 KB capacity,   882.69 KB ( 92%) used,    67.00 KB (  7%) free+waste,    10.31 KB (  1%) overhead. 
       Both:      7.66 MB capacity,     7.42 MB ( 97%) used,   214.04 KB (  3%) free+waste,    29.12 KB ( <1%) overhead. 

Virtual space:
  Non-class space:        8.00 MB reserved,       6.75 MB ( 84%) committed 
      Class space:        1.00 GB reserved,       1.00 MB ( <1%) committed 
             Both:        1.01 GB reserved,       7.75 MB ( <1%) committed 

Chunk freelists:
   Non-Class:  26.00 KB
       Class:  0 bytes
        Both:  26.00 KB

CodeHeap 'non-profiled nmethods': size=120032Kb used=260Kb max_used=260Kb free=119771Kb
 bounds [0x00007ff2db7ce000, 0x00007ff2dba3e000, 0x00007ff2e2d06000]
CodeHeap 'profiled nmethods': size=120032Kb used=1804Kb max_used=1804Kb free=118227Kb
 bounds [0x00007ff2d4296000, 0x00007ff2d4506000, 0x00007ff2db7ce000]
CodeHeap 'non-nmethods': size=5696Kb used=1100Kb max_used=1111Kb free=4595Kb
 bounds [0x00007ff2d3d06000, 0x00007ff2d3f76000, 0x00007ff2d4296000]
 total_blobs=1512 nmethods=935 adapters=327
 compilation: enabled
              stopped_count=0, restarted_count=0
 full_count=0

Compilation events (10 events):
Event: 0.345 Thread 0x00007ff2ec114000  931       3       java.lang.ref.ReferenceQueue::<init> (21 bytes)
Event: 0.345 Thread 0x00007ff2ec114000 nmethod 931 0x00007ff2d4456310 code [0x00007ff2d44564e0, 0x00007ff2d4456850]
Event: 0.345 Thread 0x00007ff2ec114000  932       3       java.lang.ref.ReferenceQueue$Lock::<init> (5 bytes)
Event: 0.345 Thread 0x00007ff2ec114000 nmethod 932 0x00007ff2d4456990 code [0x00007ff2d4456b40, 0x00007ff2d4456d10]
Event: 0.345 Thread 0x00007ff2ec114000  934       3       jdk.internal.org.objectweb.asm.MethodWriter::visitLabel (321 bytes)
Event: 0.345 Thread 0x00007ff2ec114000 nmethod 934 0x00007ff2d4456e10 code [0x00007ff2d4457080, 0x00007ff2d4457d68]
Event: 0.345 Thread 0x00007ff2ec114000  933       3       java.util.concurrent.locks.ReentrantLock::<init> (16 bytes)
Event: 0.346 Thread 0x00007ff2ec114000 nmethod 933 0x00007ff2d4458010 code [0x00007ff2d4458200, 0x00007ff2d4458670]
Event: 0.346 Thread 0x00007ff2ec114000  935       3       jdk.internal.org.objectweb.asm.MethodWriter::noSuccessor (95 bytes)
Event: 0.346 Thread 0x00007ff2ec114000 nmethod 935 0x00007ff2d4458810 code [0x00007ff2d4458a20, 0x00007ff2d44590c8]

GC Heap History (1 events):
Event: 0.347 GC heap before
{Heap before GC invocations=0 (full 0):
 garbage-first heap   total 129024K, used 14968K [0x0000000085200000, 0x0000000100000000)
  region size 1024K, 14 young (14336K), 0 survivors (0K)
 Metaspace       used 7602K, capacity 7846K, committed 7936K, reserved 1056768K
  class space    used 882K, capacity 960K, committed 1024K, reserved 1048576K
}

Deoptimization events (10 events):
Event: 0.270 Thread 0x00007ff2ec012000 DEOPT PACKING pc=0x00007ff2d43db588 sp=0x00007ff2f3393bd0
Event: 0.270 Thread 0x00007ff2ec012000 DEOPT UNPACKING pc=0x00007ff2d3d2e83a sp=0x00007ff2f3393040 mode 0
Event: 0.274 Thread 0x00007ff2ec012000 DEOPT PACKING pc=0x00007ff2d43db588 sp=0x00007ff2f3393bb0
Event: 0.274 Thread 0x00007ff2ec012000 DEOPT UNPACKING pc=0x00007ff2d3d2e83a sp=0x00007ff2f3393020 mode 0
Event: 0.278 Thread 0x00007ff2ec012000 DEOPT PACKING pc=0x00007ff2d43db588 sp=0x00007ff2f3391220
Event: 0.278 Thread 0x00007ff2ec012000 DEOPT UNPACKING pc=0x00007ff2d3d2e83a sp=0x00007ff2f3390690 mode 0
Event: 0.317 Thread 0x00007ff2ec012000 Uncommon trap: trap_request=0xffffff4d fr.pc=0x00007ff2db7fc574 relative=0x00000000000001d4
Event: 0.317 Thread 0x00007ff2ec012000 Uncommon trap: reason=unstable_if action=reinterpret pc=0x00007ff2db7fc574 method=java.lang.String.startsWith(Ljava/lang/String;I)Z @ 1 c2
Event: 0.317 Thread 0x00007ff2ec012000 DEOPT PACKING pc=0x00007ff2db7fc574 sp=0x00007ff2f33937d0
Event: 0.317 Thread 0x00007ff2ec012000 DEOPT UNPACKING pc=0x00007ff2d3d2ea25 sp=0x00007ff2f3393760 mode 2

Classes redefined (0 events):
No events

Internal exceptions (10 events):
Event: 0.308 Thread 0x00007ff2ec012000 Exception <a 'java/lang/NoSuchMethodError'{0x000000008c104f50}: 'java.lang.Object java.lang.invoke.DirectMethodHandle$Holder.invokeStatic(java.lang.Object, java.lang.Object, java.lang.Object, java.lang.Object, java.lang.Object, java.lang.Object, java.lang
Event: 0.310 Thread 0x00007ff2ec012000 Exception <a 'java/lang/NoSuchMethodError'{0x000000008c122e50}: 'java.lang.Object java.lang.invoke.DirectMethodHandle$Holder.invokeStatic(java.lang.Object, java.lang.Object, java.lang.Object, java.lang.Object, java.lang.Object, java.lang.Object, java.lang
Event: 0.311 Thread 0x00007ff2ec012000 Exception <a 'java/lang/NoSuchMethodError'{0x000000008c141be0}: 'java.lang.Object java.lang.invoke.DirectMethodHandle$Holder.invokeStatic(java.lang.Object, java.lang.Object, java.lang.Object, java.lang.Object, java.lang.Object, java.lang.Object, java.lang
Event: 0.313 Thread 0x00007ff2ec012000 Exception <a 'java/lang/NoSuchMethodError'{0x000000008c162248}: 'java.lang.Object java.lang.invoke.DirectMethodHandle$Holder.invokeStatic(java.lang.Object, java.lang.Object, java.lang.Object, java.lang.Object, java.lang.Object, java.lang.Object, java.lang
Event: 0.314 Thread 0x00007ff2ec012000 Exception <a 'java/lang/ClassNotFoundException'{0x000000008c1707d0}: com/bridgelabz/DependencyInjection/Person1BeanInfo> (0x000000008c1707d0) thrown at [/build/openjdk-lts-7bqZff/openjdk-lts-11.0.4+11/src/hotspot/share/classfile/systemDictionary.cpp, line
Event: 0.314 Thread 0x00007ff2ec012000 Exception <a 'java/lang/ClassNotFoundException'{0x000000008c1712a8}: java/lang/ObjectBeanInfo> (0x000000008c1712a8) thrown at [/build/openjdk-lts-7bqZff/openjdk-lts-11.0.4+11/src/hotspot/share/classfile/systemDictionary.cpp, line 231]
Event: 0.314 Thread 0x00007ff2ec012000 Exception <a 'java/lang/ClassNotFoundException'{0x000000008c1735d8}: java/lang/ObjectCustomizer> (0x000000008c1735d8) thrown at [/build/openjdk-lts-7bqZff/openjdk-lts-11.0.4+11/src/hotspot/share/classfile/systemDictionary.cpp, line 231]
Event: 0.325 Thread 0x00007ff2ec012000 Exception <a 'java/lang/ClassNotFoundException'{0x000000008c1a76c0}: com/bridgelabz/DependencyInjection/Person1Customizer> (0x000000008c1a76c0) thrown at [/build/openjdk-lts-7bqZff/openjdk-lts-11.0.4+11/src/hotspot/share/classfile/systemDictionary.cpp, li
Event: 0.332 Thread 0x00007ff2ec012000 Exception <a 'java/lang/ClassNotFoundException'{0x000000008c1fe780}: com/bridgelabz/DependencyInjection/EmployeeBeanInfo> (0x000000008c1fe780) thrown at [/build/openjdk-lts-7bqZff/openjdk-lts-11.0.4+11/src/hotspot/share/classfile/systemDictionary.cpp, lin
Event: 0.332 Thread 0x00007ff2ec012000 Exception <a 'java/lang/ClassNotFoundException'{0x000000008c001cf0}: com/bridgelabz/DependencyInjection/EmployeeCustomizer> (0x000000008c001cf0) thrown at [/build/openjdk-lts-7bqZff/openjdk-lts-11.0.4+11/src/hotspot/share/classfile/systemDictionary.cpp, l

Events (10 events):
Event: 0.345 loading class org/springframework/util/ConcurrentReferenceHashMap$EntrySet
Event: 0.345 loading class org/springframework/util/ConcurrentReferenceHashMap$EntrySet done
Event: 0.346 loading class org/springframework/util/ConcurrentReferenceHashMap$EntryIterator
Event: 0.346 loading class org/springframework/util/ConcurrentReferenceHashMap$EntryIterator done
Event: 0.346 loading class java/util/NoSuchElementException
Event: 0.346 loading class java/util/NoSuchElementException done
Event: 0.346 Thread 0x00007ff2ec012000 Thread exited: 0x00007ff2ec012000
Event: 0.346 Thread 0x00007ff2ec012000 Thread added: 0x00007ff2ec012000
Event: 0.346 Thread 0x00007ff2ec414000 Thread added: 0x00007ff2ec414000
Event: 0.346 Executing VM operation: G1CollectForAllocation


Dynamic libraries:
85200000-8ce00000 rw-p 00000000 00:00 0 
8ce00000-ffe00000 ---p 00000000 00:00 0 
ffe00000-ffe34000 rw-p 01116000 08:02 10355631                           /usr/lib/jvm/java-11-openjdk-amd64/lib/server/classes.jsa
ffe34000-fff00000 rw-p 00000000 00:00 0 
fff00000-fff6a000 rw-p 010ac000 08:02 10355631                           /usr/lib/jvm/java-11-openjdk-amd64/lib/server/classes.jsa
fff6a000-100000000 rw-p 00000000 00:00 0 
800000000-800002000 rwxp 00001000 08:02 10355631                         /usr/lib/jvm/java-11-openjdk-amd64/lib/server/classes.jsa
800002000-8003bd000 rw-p 00003000 08:02 10355631                         /usr/lib/jvm/java-11-openjdk-amd64/lib/server/classes.jsa
8003bd000-800a98000 r--p 003be000 08:02 10355631                         /usr/lib/jvm/java-11-openjdk-amd64/lib/server/classes.jsa
800a98000-800a99000 rw-p 00a99000 08:02 10355631                         /usr/lib/jvm/java-11-openjdk-amd64/lib/server/classes.jsa
800a99000-8010ab000 r--p 00a9a000 08:02 10355631                         /usr/lib/jvm/java-11-openjdk-amd64/lib/server/classes.jsa
840000000-840100000 rw-p 00000000 00:00 0 
840100000-880000000 ---p 00000000 00:00 0 
558c9b199000-558c9b19a000 r-xp 00000000 08:02 10360917                   /usr/lib/jvm/java-11-openjdk-amd64/bin/java
558c9b39a000-558c9b39b000 r--p 00001000 08:02 10360917                   /usr/lib/jvm/java-11-openjdk-amd64/bin/java
558c9b39b000-558c9b39c000 rw-p 00002000 08:02 10360917                   /usr/lib/jvm/java-11-openjdk-amd64/bin/java
558c9c08a000-558c9c0ab000 rw-p 00000000 00:00 0                          [heap]
7ff278000000-7ff278021000 rw-p 00000000 00:00 0 
7ff278021000-7ff27c000000 ---p 00000000 00:00 0 
7ff280000000-7ff280021000 rw-p 00000000 00:00 0 
7ff280021000-7ff284000000 ---p 00000000 00:00 0 
7ff284000000-7ff284021000 rw-p 00000000 00:00 0 
7ff284021000-7ff288000000 ---p 00000000 00:00 0 
7ff288000000-7ff288021000 rw-p 00000000 00:00 0 
7ff288021000-7ff28c000000 ---p 00000000 00:00 0 
7ff28c000000-7ff28c021000 rw-p 00000000 00:00 0 
7ff28c021000-7ff290000000 ---p 00000000 00:00 0 
7ff290000000-7ff290021000 rw-p 00000000 00:00 0 
7ff290021000-7ff294000000 ---p 00000000 00:00 0 
7ff294000000-7ff294021000 rw-p 00000000 00:00 0 
7ff294021000-7ff298000000 ---p 00000000 00:00 0 
7ff298000000-7ff2983f0000 rw-p 00000000 00:00 0 
7ff2983f0000-7ff29c000000 ---p 00000000 00:00 0 
7ff29c000000-7ff29c021000 rw-p 00000000 00:00 0 
7ff29c021000-7ff2a0000000 ---p 00000000 00:00 0 
7ff2a0000000-7ff2a0021000 rw-p 00000000 00:00 0 
7ff2a0021000-7ff2a4000000 ---p 00000000 00:00 0 
7ff2a4000000-7ff2a42db000 rw-p 00000000 00:00 0 
7ff2a42db000-7ff2a8000000 ---p 00000000 00:00 0 
7ff2a8000000-7ff2a8021000 rw-p 00000000 00:00 0 
7ff2a8021000-7ff2ac000000 ---p 00000000 00:00 0 
7ff2ac000000-7ff2ac021000 rw-p 00000000 00:00 0 
7ff2ac021000-7ff2b0000000 ---p 00000000 00:00 0 
7ff2b0000000-7ff2b0021000 rw-p 00000000 00:00 0 
7ff2b0021000-7ff2b4000000 ---p 00000000 00:00 0 
7ff2b4000000-7ff2b4021000 rw-p 00000000 00:00 0 
7ff2b4021000-7ff2b8000000 ---p 00000000 00:00 0 
7ff2ba0fc000-7ff2ba0fd000 ---p 00000000 00:00 0 
7ff2ba0fd000-7ff2ba1fe000 rw-p 00000000 00:00 0 
7ff2ba1fe000-7ff2ba1ff000 ---p 00000000 00:00 0 
7ff2ba1ff000-7ff2ba300000 rw-p 00000000 00:00 0 
7ff2ba300000-7ff2ba301000 ---p 00000000 00:00 0 
7ff2ba301000-7ff2ba402000 rw-p 00000000 00:00 0 
7ff2ba402000-7ff2ba406000 ---p 00000000 00:00 0 
7ff2ba406000-7ff2ba503000 rw-p 00000000 00:00 0 
7ff2ba503000-7ff2ba519000 r-xp 00000000 08:02 10364822                   /usr/lib/jvm/java-11-openjdk-amd64/lib/libnet.so
7ff2ba519000-7ff2ba718000 ---p 00016000 08:02 10364822                   /usr/lib/jvm/java-11-openjdk-amd64/lib/libnet.so
7ff2ba718000-7ff2ba719000 r--p 00015000 08:02 10364822                   /usr/lib/jvm/java-11-openjdk-amd64/lib/libnet.so
7ff2ba719000-7ff2ba71a000 rw-p 00016000 08:02 10364822                   /usr/lib/jvm/java-11-openjdk-amd64/lib/libnet.so
7ff2ba71a000-7ff2ba72a000 r-xp 00000000 08:02 10364823                   /usr/lib/jvm/java-11-openjdk-amd64/lib/libnio.so
7ff2ba72a000-7ff2ba929000 ---p 00010000 08:02 10364823                   /usr/lib/jvm/java-11-openjdk-amd64/lib/libnio.so
7ff2ba929000-7ff2ba92a000 r--p 0000f000 08:02 10364823                   /usr/lib/jvm/java-11-openjdk-amd64/lib/libnio.so
7ff2ba92a000-7ff2ba92b000 rw-p 00010000 08:02 10364823                   /usr/lib/jvm/java-11-openjdk-amd64/lib/libnio.so
7ff2ba92b000-7ff2ba92f000 ---p 00000000 00:00 0 
7ff2ba92f000-7ff2baa2c000 rw-p 00000000 00:00 0 
7ff2baa2c000-7ff2baa2d000 ---p 00000000 00:00 0 
7ff2baa2d000-7ff2bab2e000 rw-p 00000000 00:00 0 
7ff2bab2e000-7ff2bab32000 ---p 00000000 00:00 0 
7ff2bab32000-7ff2bac2f000 rw-p 00000000 00:00 0 
7ff2bac2f000-7ff2bac33000 ---p 00000000 00:00 0 
7ff2bac33000-7ff2bad30000 rw-p 00000000 00:00 0 
7ff2bad30000-7ff2bad34000 ---p 00000000 00:00 0 
7ff2bad34000-7ff2bae31000 rw-p 00000000 00:00 0 
7ff2bae31000-7ff2bb800000 r--p 00000000 08:02 10361460                   /usr/lib/locale/locale-archive
7ff2bb800000-7ff2bbec0000 rw-p 00000000 00:00 0 
7ff2bbec0000-7ff2bc000000 ---p 00000000 00:00 0 
7ff2bc000000-7ff2bc021000 rw-p 00000000 00:00 0 
7ff2bc021000-7ff2c0000000 ---p 00000000 00:00 0 
7ff2c0000000-7ff2c0021000 rw-p 00000000 00:00 0 
7ff2c0021000-7ff2c4000000 ---p 00000000 00:00 0 
7ff2c4000000-7ff2c4021000 rw-p 00000000 00:00 0 
7ff2c4021000-7ff2c8000000 ---p 00000000 00:00 0 
7ff2c8047000-7ff2c804b000 ---p 00000000 00:00 0 
7ff2c804b000-7ff2ca338000 rw-p 00000000 00:00 0 
7ff2ca338000-7ff2cbff8000 ---p 00000000 00:00 0 
7ff2cbff8000-7ff2cc000000 rw-p 00000000 00:00 0 
7ff2cc000000-7ff2cc021000 rw-p 00000000 00:00 0 
7ff2cc021000-7ff2d0000000 ---p 00000000 00:00 0 
7ff2d0046000-7ff2d004a000 ---p 00000000 00:00 0 
7ff2d004a000-7ff2d0147000 rw-p 00000000 00:00 0 
7ff2d0147000-7ff2d014b000 ---p 00000000 00:00 0 
7ff2d014b000-7ff2d0248000 rw-p 00000000 00:00 0 
7ff2d0248000-7ff2d024c000 ---p 00000000 00:00 0 
7ff2d024c000-7ff2d0349000 rw-p 00000000 00:00 0 
7ff2d0349000-7ff2d034a000 ---p 00000000 00:00 0 
7ff2d034a000-7ff2d04cc000 rw-p 00000000 00:00 0 
7ff2d04cc000-7ff2d04cd000 ---p 00000000 00:00 0 
7ff2d04cd000-7ff2d05ce000 rw-p 00000000 00:00 0 
7ff2d05ce000-7ff2d05cf000 ---p 00000000 00:00 0 
7ff2d05cf000-7ff2d0ad4000 rw-p 00000000 00:00 0 
7ff2d0ad4000-7ff2d0ad5000 ---p 00000000 00:00 0 
7ff2d0ad5000-7ff2d0bd6000 rw-p 00000000 00:00 0 
7ff2d0bd6000-7ff2d0bd7000 ---p 00000000 00:00 0 
7ff2d0bd7000-7ff2d0ec8000 rw-p 00000000 00:00 0 
7ff2d0ec8000-7ff2d2b88000 ---p 00000000 00:00 0 
7ff2d2b88000-7ff2d2bce000 rw-p 00000000 00:00 0 
7ff2d2bce000-7ff2d2f66000 ---p 00000000 00:00 0 
7ff2d2f66000-7ff2d2fa5000 rw-p 00000000 00:00 0 
7ff2d2fa5000-7ff2d333d000 ---p 00000000 00:00 0 
7ff2d333d000-7ff2d337c000 rw-p 00000000 00:00 0 
7ff2d337c000-7ff2d3714000 ---p 00000000 00:00 0 
7ff2d3714000-7ff2d3b19000 rw-p 00000000 00:00 0 
7ff2d3b19000-7ff2d3b1a000 ---p 00000000 00:00 0 
7ff2d3b1a000-7ff2d3c20000 rw-p 00000000 00:00 0 
7ff2d3c20000-7ff2d3d06000 ---p 00000000 00:00 0 
7ff2d3d06000-7ff2d3f76000 rwxp 00000000 00:00 0 
7ff2d3f76000-7ff2d4296000 ---p 00000000 00:00 0 
7ff2d4296000-7ff2d4506000 rwxp 00000000 00:00 0 
7ff2d4506000-7ff2db7ce000 ---p 00000000 00:00 0 
7ff2db7ce000-7ff2dba3e000 rwxp 00000000 00:00 0 
7ff2dba3e000-7ff2e2d06000 ---p 00000000 00:00 0 
7ff2e2d06000-7ff2eb3b0000 r--s 00000000 08:02 10364832                   /usr/lib/jvm/java-11-openjdk-amd64/lib/modules
7ff2eb3b0000-7ff2eb3b5000 r-xp 00000000 08:02 10364814                   /usr/lib/jvm/java-11-openjdk-amd64/lib/libjimage.so
7ff2eb3b5000-7ff2eb5b4000 ---p 00005000 08:02 10364814                   /usr/lib/jvm/java-11-openjdk-amd64/lib/libjimage.so
7ff2eb5b4000-7ff2eb5b5000 r--p 00004000 08:02 10364814                   /usr/lib/jvm/java-11-openjdk-amd64/lib/libjimage.so
7ff2eb5b5000-7ff2eb5b6000 rw-p 00005000 08:02 10364814                   /usr/lib/jvm/java-11-openjdk-amd64/lib/libjimage.so
7ff2eb5b6000-7ff2eb5bd000 r-xp 00000000 08:02 10364831                   /usr/lib/jvm/java-11-openjdk-amd64/lib/libzip.so
7ff2eb5bd000-7ff2eb7bc000 ---p 00007000 08:02 10364831                   /usr/lib/jvm/java-11-openjdk-amd64/lib/libzip.so
7ff2eb7bc000-7ff2eb7bd000 r--p 00006000 08:02 10364831                   /usr/lib/jvm/java-11-openjdk-amd64/lib/libzip.so
7ff2eb7bd000-7ff2eb7be000 rw-p 00007000 08:02 10364831                   /usr/lib/jvm/java-11-openjdk-amd64/lib/libzip.so
7ff2eb7be000-7ff2eb7c9000 r-xp 00000000 08:02 10752751                   /lib/x86_64-linux-gnu/libnss_files-2.27.so
7ff2eb7c9000-7ff2eb9c8000 ---p 0000b000 08:02 10752751                   /lib/x86_64-linux-gnu/libnss_files-2.27.so
7ff2eb9c8000-7ff2eb9c9000 r--p 0000a000 08:02 10752751                   /lib/x86_64-linux-gnu/libnss_files-2.27.so
7ff2eb9c9000-7ff2eb9ca000 rw-p 0000b000 08:02 10752751                   /lib/x86_64-linux-gnu/libnss_files-2.27.so
7ff2eb9ca000-7ff2eb9d0000 rw-p 00000000 00:00 0 
7ff2eb9d0000-7ff2eb9e7000 r-xp 00000000 08:02 10752745                   /lib/x86_64-linux-gnu/libnsl-2.27.so
7ff2eb9e7000-7ff2ebbe6000 ---p 00017000 08:02 10752745                   /lib/x86_64-linux-gnu/libnsl-2.27.so
7ff2ebbe6000-7ff2ebbe7000 r--p 00016000 08:02 10752745                   /lib/x86_64-linux-gnu/libnsl-2.27.so
7ff2ebbe7000-7ff2ebbe8000 rw-p 00017000 08:02 10752745                   /lib/x86_64-linux-gnu/libnsl-2.27.so
7ff2ebbe8000-7ff2ebbea000 rw-p 00000000 00:00 0 
7ff2ebbea000-7ff2ebbf5000 r-xp 00000000 08:02 10752762                   /lib/x86_64-linux-gnu/libnss_nis-2.27.so
7ff2ebbf5000-7ff2ebdf4000 ---p 0000b000 08:02 10752762                   /lib/x86_64-linux-gnu/libnss_nis-2.27.so
7ff2ebdf4000-7ff2ebdf5000 r--p 0000a000 08:02 10752762                   /lib/x86_64-linux-gnu/libnss_nis-2.27.so
7ff2ebdf5000-7ff2ebdf6000 rw-p 0000b000 08:02 10752762                   /lib/x86_64-linux-gnu/libnss_nis-2.27.so
7ff2ebdf6000-7ff2ebdfe000 r-xp 00000000 08:02 10752747                   /lib/x86_64-linux-gnu/libnss_compat-2.27.so
7ff2ebdfe000-7ff2ebffe000 ---p 00008000 08:02 10752747                   /lib/x86_64-linux-gnu/libnss_compat-2.27.so
7ff2ebffe000-7ff2ebfff000 r--p 00008000 08:02 10752747                   /lib/x86_64-linux-gnu/libnss_compat-2.27.so
7ff2ebfff000-7ff2ec000000 rw-p 00009000 08:02 10752747                   /lib/x86_64-linux-gnu/libnss_compat-2.27.so
7ff2ec000000-7ff2ec438000 rw-p 00000000 00:00 0 
7ff2ec438000-7ff2f0000000 ---p 00000000 00:00 0 
7ff2f0037000-7ff2f00c8000 rw-p 00000000 00:00 0 
7ff2f00c8000-7ff2f01ae000 ---p 00000000 00:00 0 
7ff2f01ae000-7ff2f01d7000 r-xp 00000000 08:02 10364810                   /usr/lib/jvm/java-11-openjdk-amd64/lib/libjava.so
7ff2f01d7000-7ff2f03d6000 ---p 00029000 08:02 10364810                   /usr/lib/jvm/java-11-openjdk-amd64/lib/libjava.so
7ff2f03d6000-7ff2f03d7000 r--p 00028000 08:02 10364810                   /usr/lib/jvm/java-11-openjdk-amd64/lib/libjava.so
7ff2f03d7000-7ff2f03d9000 rw-p 00029000 08:02 10364810                   /usr/lib/jvm/java-11-openjdk-amd64/lib/libjava.so
7ff2f03d9000-7ff2f03e6000 r-xp 00000000 08:02 10364830                   /usr/lib/jvm/java-11-openjdk-amd64/lib/libverify.so
7ff2f03e6000-7ff2f05e5000 ---p 0000d000 08:02 10364830                   /usr/lib/jvm/java-11-openjdk-amd64/lib/libverify.so
7ff2f05e5000-7ff2f05e7000 r--p 0000c000 08:02 10364830                   /usr/lib/jvm/java-11-openjdk-amd64/lib/libverify.so
7ff2f05e7000-7ff2f05e8000 rw-p 0000e000 08:02 10364830                   /usr/lib/jvm/java-11-openjdk-amd64/lib/libverify.so
7ff2f05e8000-7ff2f05ef000 r-xp 00000000 08:02 10752802                   /lib/x86_64-linux-gnu/librt-2.27.so
7ff2f05ef000-7ff2f07ee000 ---p 00007000 08:02 10752802                   /lib/x86_64-linux-gnu/librt-2.27.so
7ff2f07ee000-7ff2f07ef000 r--p 00006000 08:02 10752802                   /lib/x86_64-linux-gnu/librt-2.27.so
7ff2f07ef000-7ff2f07f0000 rw-p 00007000 08:02 10752802                   /lib/x86_64-linux-gnu/librt-2.27.so
7ff2f07f0000-7ff2f0807000 r-xp 00000000 08:02 10748292                   /lib/x86_64-linux-gnu/libgcc_s.so.1
7ff2f0807000-7ff2f0a06000 ---p 00017000 08:02 10748292                   /lib/x86_64-linux-gnu/libgcc_s.so.1
7ff2f0a06000-7ff2f0a07000 r--p 00016000 08:02 10748292                   /lib/x86_64-linux-gnu/libgcc_s.so.1
7ff2f0a07000-7ff2f0a08000 rw-p 00017000 08:02 10748292                   /lib/x86_64-linux-gnu/libgcc_s.so.1
7ff2f0a08000-7ff2f0ba5000 r-xp 00000000 08:02 10752724                   /lib/x86_64-linux-gnu/libm-2.27.so
7ff2f0ba5000-7ff2f0da4000 ---p 0019d000 08:02 10752724                   /lib/x86_64-linux-gnu/libm-2.27.so
7ff2f0da4000-7ff2f0da5000 r--p 0019c000 08:02 10752724                   /lib/x86_64-linux-gnu/libm-2.27.so
7ff2f0da5000-7ff2f0da6000 rw-p 0019d000 08:02 10752724                   /lib/x86_64-linux-gnu/libm-2.27.so
7ff2f0da6000-7ff2f0f1f000 r-xp 00000000 08:02 10355208                   /usr/lib/x86_64-linux-gnu/libstdc++.so.6.0.25
7ff2f0f1f000-7ff2f111f000 ---p 00179000 08:02 10355208                   /usr/lib/x86_64-linux-gnu/libstdc++.so.6.0.25
7ff2f111f000-7ff2f1129000 r--p 00179000 08:02 10355208                   /usr/lib/x86_64-linux-gnu/libstdc++.so.6.0.25
7ff2f1129000-7ff2f112b000 rw-p 00183000 08:02 10355208                   /usr/lib/x86_64-linux-gnu/libstdc++.so.6.0.25
7ff2f112b000-7ff2f112f000 rw-p 00000000 00:00 0 
7ff2f112f000-7ff2f21fb000 r-xp 00000000 08:02 10364835                   /usr/lib/jvm/java-11-openjdk-amd64/lib/server/libjvm.so
7ff2f21fb000-7ff2f23fa000 ---p 010cc000 08:02 10364835                   /usr/lib/jvm/java-11-openjdk-amd64/lib/server/libjvm.so
7ff2f23fa000-7ff2f24b7000 r--p 010cb000 08:02 10364835                   /usr/lib/jvm/java-11-openjdk-amd64/lib/server/libjvm.so
7ff2f24b7000-7ff2f24f0000 rw-p 01188000 08:02 10364835                   /usr/lib/jvm/java-11-openjdk-amd64/lib/server/libjvm.so
7ff2f24f0000-7ff2f2546000 rw-p 00000000 00:00 0 
7ff2f2546000-7ff2f2560000 r-xp 00000000 08:02 10752794                   /lib/x86_64-linux-gnu/libpthread-2.27.so
7ff2f2560000-7ff2f275f000 ---p 0001a000 08:02 10752794                   /lib/x86_64-linux-gnu/libpthread-2.27.so
7ff2f275f000-7ff2f2760000 r--p 00019000 08:02 10752794                   /lib/x86_64-linux-gnu/libpthread-2.27.so
7ff2f2760000-7ff2f2761000 rw-p 0001a000 08:02 10752794                   /lib/x86_64-linux-gnu/libpthread-2.27.so
7ff2f2761000-7ff2f2765000 rw-p 00000000 00:00 0 
7ff2f2765000-7ff2f2768000 r-xp 00000000 08:02 10752684                   /lib/x86_64-linux-gnu/libdl-2.27.so
7ff2f2768000-7ff2f2967000 ---p 00003000 08:02 10752684                   /lib/x86_64-linux-gnu/libdl-2.27.so
7ff2f2967000-7ff2f2968000 r--p 00002000 08:02 10752684                   /lib/x86_64-linux-gnu/libdl-2.27.so
7ff2f2968000-7ff2f2969000 rw-p 00003000 08:02 10752684                   /lib/x86_64-linux-gnu/libdl-2.27.so
7ff2f2969000-7ff2f2985000 r-xp 00000000 08:02 10752833                   /lib/x86_64-linux-gnu/libz.so.1.2.11
7ff2f2985000-7ff2f2b84000 ---p 0001c000 08:02 10752833                   /lib/x86_64-linux-gnu/libz.so.1.2.11
7ff2f2b84000-7ff2f2b85000 r--p 0001b000 08:02 10752833                   /lib/x86_64-linux-gnu/libz.so.1.2.11
7ff2f2b85000-7ff2f2b86000 rw-p 0001c000 08:02 10752833                   /lib/x86_64-linux-gnu/libz.so.1.2.11
7ff2f2b86000-7ff2f2d6d000 r-xp 00000000 08:02 10752661                   /lib/x86_64-linux-gnu/libc-2.27.so
7ff2f2d6d000-7ff2f2f6d000 ---p 001e7000 08:02 10752661                   /lib/x86_64-linux-gnu/libc-2.27.so
7ff2f2f6d000-7ff2f2f71000 r--p 001e7000 08:02 10752661                   /lib/x86_64-linux-gnu/libc-2.27.so
7ff2f2f71000-7ff2f2f73000 rw-p 001eb000 08:02 10752661                   /lib/x86_64-linux-gnu/libc-2.27.so
7ff2f2f73000-7ff2f2f77000 rw-p 00000000 00:00 0 
7ff2f2f77000-7ff2f2f87000 r-xp 00000000 08:02 10361455                   /usr/lib/jvm/java-11-openjdk-amd64/lib/jli/libjli.so
7ff2f2f87000-7ff2f3186000 ---p 00010000 08:02 10361455                   /usr/lib/jvm/java-11-openjdk-amd64/lib/jli/libjli.so
7ff2f3186000-7ff2f3187000 r--p 0000f000 08:02 10361455                   /usr/lib/jvm/java-11-openjdk-amd64/lib/jli/libjli.so
7ff2f3187000-7ff2f3188000 rw-p 00010000 08:02 10361455                   /usr/lib/jvm/java-11-openjdk-amd64/lib/jli/libjli.so
7ff2f3188000-7ff2f31af000 r-xp 00000000 08:02 10752633                   /lib/x86_64-linux-gnu/ld-2.27.so
7ff2f31dd000-7ff2f328e000 rw-p 00000000 00:00 0 
7ff2f328e000-7ff2f3295000 ---p 00000000 00:00 0 
7ff2f3295000-7ff2f3299000 ---p 00000000 00:00 0 
7ff2f3299000-7ff2f3398000 rw-p 00000000 00:00 0 
7ff2f33a1000-7ff2f33a3000 r--s 00007000 08:02 11146510                   /usr/share/java/java-atk-wrapper.jar
7ff2f33a3000-7ff2f33ab000 rw-s 00000000 08:02 16781137                   /tmp/hsperfdata_admin1/15501
7ff2f33ab000-7ff2f33ac000 ---p 00000000 00:00 0 
7ff2f33ac000-7ff2f33ad000 r--p 00000000 00:00 0 
7ff2f33ad000-7ff2f33af000 rw-p 00000000 00:00 0 
7ff2f33af000-7ff2f33b0000 r--p 00027000 08:02 10752633                   /lib/x86_64-linux-gnu/ld-2.27.so
7ff2f33b0000-7ff2f33b1000 rw-p 00028000 08:02 10752633                   /lib/x86_64-linux-gnu/ld-2.27.so
7ff2f33b1000-7ff2f33b2000 rw-p 00000000 00:00 0 
7ffd18886000-7ffd188a7000 rw-p 00000000 00:00 0                          [stack]
7ffd18975000-7ffd18978000 r--p 00000000 00:00 0                          [vvar]
7ffd18978000-7ffd1897a000 r-xp 00000000 00:00 0                          [vdso]
ffffffffff600000-ffffffffff601000 r-xp 00000000 00:00 0                  [vsyscall]


VM Arguments:
jvm_args: -Dfile.encoding=UTF-8 
java_command: com.bridgelabz.DependencyInjection.App
java_class_path (initial): /home/admin1/Documents/workspace-spring-tool-suite-4-4.4.0.RELEASE/DependencyInjection/target/classes:/home/admin1/.m2/repository/org/springframework/spring-context/5.1.10.RELEASE/spring-context-5.1.10.RELEASE.jar:/home/admin1/.m2/repository/org/springframework/spring-aop/5.1.10.RELEASE/spring-aop-5.1.10.RELEASE.jar:/home/admin1/.m2/repository/org/springframework/spring-beans/5.1.10.RELEASE/spring-beans-5.1.10.RELEASE.jar:/home/admin1/.m2/repository/org/springframework/spring-core/5.1.10.RELEASE/spring-core-5.1.10.RELEASE.jar:/home/admin1/.m2/repository/org/springframework/spring-jcl/5.1.10.RELEASE/spring-jcl-5.1.10.RELEASE.jar:/home/admin1/.m2/repository/org/springframework/spring-expression/5.1.10.RELEASE/spring-expression-5.1.10.RELEASE.jar
Launcher Type: SUN_STANDARD

[Global flags]
     intx CICompilerCount                          = 3                                         {product} {ergonomic}
     uint ConcGCThreads                            = 1                                         {product} {ergonomic}
     uint G1ConcRefinementThreads                  = 4                                         {product} {ergonomic}
   size_t G1HeapRegionSize                         = 1048576                                   {product} {ergonomic}
    uintx GCDrainStackTargetSize                   = 64                                        {product} {ergonomic}
   size_t InitialHeapSize                          = 130023424                                 {product} {ergonomic}
   size_t MarkStackSize                            = 4194304                                   {product} {ergonomic}
   size_t MaxHeapSize                              = 2061500416                                {product} {ergonomic}
   size_t MaxNewSize                               = 1236271104                                {product} {ergonomic}
   size_t MinHeapDeltaBytes                        = 1048576                                   {product} {ergonomic}
    uintx NonNMethodCodeHeapSize                   = 5830092                                {pd product} {ergonomic}
    uintx NonProfiledCodeHeapSize                  = 122914074                              {pd product} {ergonomic}
    uintx ProfiledCodeHeapSize                     = 122914074                              {pd product} {ergonomic}
    uintx ReservedCodeCacheSize                    = 251658240                              {pd product} {ergonomic}
     bool SegmentedCodeCache                       = true                                      {product} {ergonomic}
     bool UseCompressedClassPointers               = true                                 {lp64_product} {ergonomic}
     bool UseCompressedOops                        = true                                 {lp64_product} {ergonomic}
     bool UseG1GC                                  = true                                      {product} {ergonomic}

Logging:
Log output configuration:
 #0: stdout all=warning uptime,level,tags
 #1: stderr all=off uptime,level,tags

Environment Variables:
PATH=/home/admin1/.local/bin:/home/admin1/bin:/usr/local/sbin:/usr/local/bin:/usr/sbin:/usr/bin:/sbin:/bin:/usr/games:/usr/local/games:/snap/bin
USERNAME=admin1
SHELL=/bin/bash
DISPLAY=:0

Signal Handlers:
SIGSEGV: [libjvm.so+0xde5f50], sa_mask[0]=11111111011111111101111111111110, sa_flags=SA_RESTART|SA_SIGINFO
SIGBUS: [libjvm.so+0xde5f50], sa_mask[0]=11111111011111111101111111111110, sa_flags=SA_RESTART|SA_SIGINFO
SIGFPE: [libjvm.so+0xde5f50], sa_mask[0]=11111111011111111101111111111110, sa_flags=SA_RESTART|SA_SIGINFO
SIGPIPE: [libjvm.so+0xbba5b0], sa_mask[0]=11111111011111111101111111111110, sa_flags=SA_RESTART|SA_SIGINFO
SIGXFSZ: [libjvm.so+0xbba5b0], sa_mask[0]=11111111011111111101111111111110, sa_flags=SA_RESTART|SA_SIGINFO
SIGILL: [libjvm.so+0xde5f50], sa_mask[0]=11111111011111111101111111111110, sa_flags=SA_RESTART|SA_SIGINFO
SIGUSR2: [libjvm.so+0xbba450], sa_mask[0]=00100000000000000000000000000000, sa_flags=SA_RESTART|SA_SIGINFO
SIGHUP: [libjvm.so+0xbba7b0], sa_mask[0]=11111111011111111101111111111110, sa_flags=SA_RESTART|SA_SIGINFO
SIGINT: [libjvm.so+0xbba7b0], sa_mask[0]=11111111011111111101111111111110, sa_flags=SA_RESTART|SA_SIGINFO
SIGTERM: [libjvm.so+0xbba7b0], sa_mask[0]=11111111011111111101111111111110, sa_flags=SA_RESTART|SA_SIGINFO
SIGQUIT: [libjvm.so+0xbba7b0], sa_mask[0]=11111111011111111101111111111110, sa_flags=SA_RESTART|SA_SIGINFO


---------------  S Y S T E M  ---------------

OS:DISTRIB_ID=Ubuntu
DISTRIB_RELEASE=18.04
DISTRIB_CODENAME=bionic
DISTRIB_DESCRIPTION="Ubuntu 18.04.2 LTS"
uname:Linux 4.15.0-64-generic #73-Ubuntu SMP Thu Sep 12 13:16:13 UTC 2019 x86_64
libc:glibc 2.27 NPTL 2.27 
rlimit: STACK 8192k, CORE 0k, NPROC 30891, NOFILE 4096, AS infinity, DATA infinity, FSIZE infinity
load average:1.01 1.03 0.81

/proc/meminfo:
MemTotal:        8052724 kB
MemFree:          301128 kB
MemAvailable:    3999828 kB
Buffers:          833624 kB
Cached:          2499368 kB
SwapCached:            0 kB
Active:          4787628 kB
Inactive:        1510384 kB
Active(anon):    2966440 kB
Inactive(anon):   573708 kB
Active(file):    1821188 kB
Inactive(file):   936676 kB
Unevictable:          80 kB
Mlocked:              80 kB
SwapTotal:       2097148 kB
SwapFree:        2097148 kB
Dirty:               120 kB
Writeback:           136 kB
AnonPages:       2965156 kB
Mapped:           724508 kB
Shmem:            575132 kB
Slab:            1307292 kB
SReclaimable:    1241620 kB
SUnreclaim:        65672 kB
KernelStack:       14744 kB
PageTables:        64384 kB
NFS_Unstable:          0 kB
Bounce:                0 kB
WritebackTmp:          0 kB
CommitLimit:     6123508 kB
Committed_AS:    9456076 kB
VmallocTotal:   34359738367 kB
VmallocUsed:           0 kB
VmallocChunk:          0 kB
HardwareCorrupted:     0 kB
AnonHugePages:         0 kB
ShmemHugePages:        0 kB
ShmemPmdMapped:        0 kB
CmaTotal:              0 kB
CmaFree:               0 kB
HugePages_Total:       0
HugePages_Free:        0
HugePages_Rsvd:        0
HugePages_Surp:        0
Hugepagesize:       2048 kB
DirectMap4k:      240748 kB
DirectMap2M:     5935104 kB
DirectMap1G:     2097152 kB


/proc/sys/kernel/threads-max (system-wide limit on the number of threads):
61783


/proc/sys/vm/max_map_count (maximum number of memory map areas a process may have):
65530


/proc/sys/kernel/pid_max (system-wide limit on number of process identifiers):
32768



container (cgroup) information:
container_type: cgroupv1
cpu_cpuset_cpus: 0-3
cpu_memory_nodes: 0
active_processor_count: 4
cpu_quota: -1
cpu_period: 100000
cpu_shares: -1
memory_limit_in_bytes: -1
memory_and_swap_limit_in_bytes: -2
memory_soft_limit_in_bytes: -1
memory_usage_in_bytes: 6449836032
memory_max_usage_in_bytes: 0

Steal ticks since vm start: 0
Steal ticks percentage since vm start:  0.000

CPU:total 4 (initial active 4) (4 cores per cpu, 1 threads per core) family 6 model 158 stepping 9, cmov, cx8, fxsr, mmx, sse, sse2, sse3, ssse3, sse4.1, sse4.2, popcnt, avx, avx2, aes, clmul, erms, 3dnowpref, lzcnt, tsc, tscinvbit, bmi1, bmi2, adx, fma
CPU Model and flags from /proc/cpuinfo:
model name	: Intel(R) Core(TM) i5-7400 CPU @ 3.00GHz
flags		: fpu vme de pse tsc msr pae mce cx8 apic sep mtrr pge mca cmov pat pse36 clflush dts acpi mmx fxsr sse sse2 ss ht tm pbe syscall nx pdpe1gb rdtscp lm constant_tsc art arch_perfmon pebs bts rep_good nopl xtopology nonstop_tsc cpuid aperfmperf tsc_known_freq pni pclmulqdq dtes64 monitor ds_cpl vmx est tm2 ssse3 sdbg fma cx16 xtpr pdcm pcid sse4_1 sse4_2 x2apic movbe popcnt tsc_deadline_timer aes xsave avx f16c rdrand lahf_lm abm 3dnowprefetch cpuid_fault invpcid_single pti ssbd ibrs ibpb stibp tpr_shadow vnmi flexpriority ept vpid fsgsbase tsc_adjust bmi1 avx2 smep bmi2 erms invpcid mpx rdseed adx smap clflushopt intel_pt xsaveopt xsavec xgetbv1 xsaves dtherm ida arat pln pts hwp hwp_notify hwp_act_window hwp_epp md_clear flush_l1d

Memory: 4k page, physical 8052724k(301128k free), swap 2097148k(2097148k free)

vm_info: OpenJDK 64-Bit Server VM (11.0.4+11-post-Ubuntu-1ubuntu218.04.3) for linux-amd64 JRE (11.0.4+11-post-Ubuntu-1ubuntu218.04.3), built on Jul 18 2019 18:21:46 by "buildd" with gcc 7.4.0

END.
